[2019-12-27 11:51:50] local.ERROR: Route [login] not defined. {"exception":"[object] (Symfony\\Component\\Routing\\Exception\\RouteNotFoundException(code: 0): Route [login] not defined. at D:\\oa\\vendor\\laravel\\framework\\src\\Illuminate\\Routing\\UrlGenerator.php:420)
[stacktrace]
#0 D:\\oa\\vendor\\laravel\\framework\\src\\Illuminate\\Foundation\\helpers.php(782): Illuminate\\Routing\\UrlGenerator->route('login', Array, true)
#1 D:\\oa\\app\\Http\\Middleware\\Authenticate.php(18): route('login')
#2 D:\\oa\\vendor\\laravel\\framework\\src\\Illuminate\\Auth\\Middleware\\Authenticate.php(82): App\\Http\\Middleware\\Authenticate->redirectTo(Object(Dingo\\Api\\Http\\Request))
#3 D:\\oa\\vendor\\laravel\\framework\\src\\Illuminate\\Auth\\Middleware\\Authenticate.php(67): Illuminate\\Auth\\Middleware\\Authenticate->unauthenticated(Object(Dingo\\Api\\Http\\Request), Array)
#4 D:\\oa\\vendor\\laravel\\framework\\src\\Illuminate\\Auth\\Middleware\\Authenticate.php(41): Illuminate\\Auth\\Middleware\\Authenticate->authenticate(Object(Dingo\\Api\\Http\\Request), Array)
#5 D:\\oa\\vendor\\laravel\\framework\\src\\Illuminate\\Pipeline\\Pipeline.php(171): Illuminate\\Auth\\Middleware\\Authenticate->handle(Object(Dingo\\Api\\Http\\Request), Object(Closure), 'api')
#6 D:\\oa\\vendor\\dingo\\api\\src\\Http\\Middleware\\PrepareController.php(45): Illuminate\\Pipeline\\Pipeline->Illuminate\\Pipeline\\{closure}(Object(Dingo\\Api\\Http\\Request))
#7 D:\\oa\\vendor\\laravel\\framework\\src\\Illuminate\\Pipeline\\Pipeline.php(171): Dingo\\Api\\Http\\Middleware\\PrepareController->handle(Object(Dingo\\Api\\Http\\Request), Object(Closure))
#8 D:\\oa\\vendor\\laravel\\framework\\src\\Illuminate\\Pipeline\\Pipeline.php(105): Illuminate\\Pipeline\\Pipeline->Illuminate\\Pipeline\\{closure}(Object(Dingo\\Api\\Http\\Request))
#9 D:\\oa\\vendor\\laravel\\framework\\src\\Illuminate\\Routing\\Router.php(682): Illuminate\\Pipeline\\Pipeline->then(Object(Closure))
#10 D:\\oa\\vendor\\laravel\\framework\\src\\Illuminate\\Routing\\Router.php(657): Illuminate\\Routing\\Router->runRouteWithinStack(Object(Illuminate\\Routing\\Route), Object(Dingo\\Api\\Http\\Request))
#11 D:\\oa\\vendor\\laravel\\framework\\src\\Illuminate\\Routing\\Router.php(623): Illuminate\\Routing\\Router->runRoute(Object(Dingo\\Api\\Http\\Request), Object(Illuminate\\Routing\\Route))
#12 D:\\oa\\vendor\\laravel\\framework\\src\\Illuminate\\Routing\\Router.php(612): Illuminate\\Routing\\Router->dispatchToRoute(Object(Dingo\\Api\\Http\\Request))
#13 D:\\oa\\vendor\\dingo\\api\\src\\Routing\\Adapter\\Laravel.php(88): Illuminate\\Routing\\Router->dispatch(Object(Dingo\\Api\\Http\\Request))
#14 D:\\oa\\vendor\\dingo\\api\\src\\Routing\\Router.php(514): Dingo\\Api\\Routing\\Adapter\\Laravel->dispatch(Object(Dingo\\Api\\Http\\Request), 'v1')
#15 D:\\oa\\vendor\\dingo\\api\\src\\Http\\Middleware\\Request.php(126): Dingo\\Api\\Routing\\Router->dispatch(Object(Dingo\\Api\\Http\\Request))
#16 D:\\oa\\vendor\\laravel\\framework\\src\\Illuminate\\Pipeline\\Pipeline.php(130): Dingo\\Api\\Http\\Middleware\\Request->Dingo\\Api\\Http\\Middleware\\{closure}(Object(Dingo\\Api\\Http\\Request))
#17 D:\\oa\\vendor\\laravel\\framework\\src\\Illuminate\\Foundation\\Http\\Middleware\\TransformsRequest.php(21): Illuminate\\Pipeline\\Pipeline->Illuminate\\Pipeline\\{closure}(Object(Dingo\\Api\\Http\\Request))
#18 D:\\oa\\vendor\\laravel\\framework\\src\\Illuminate\\Pipeline\\Pipeline.php(171): Illuminate\\Foundation\\Http\\Middleware\\TransformsRequest->handle(Object(Dingo\\Api\\Http\\Request), Object(Closure))
#19 D:\\oa\\vendor\\laravel\\framework\\src\\Illuminate\\Foundation\\Http\\Middleware\\TransformsRequest.php(21): Illuminate\\Pipeline\\Pipeline->Illuminate\\Pipeline\\{closure}(Object(Dingo\\Api\\Http\\Request))
#20 D:\\oa\\vendor\\laravel\\framework\\src\\Illuminate\\Pipeline\\Pipeline.php(171): Illuminate\\Foundation\\Http\\Middleware\\TransformsRequest->handle(Object(Dingo\\Api\\Http\\Request), Object(Closure))
#21 D:\\oa\\vendor\\laravel\\framework\\src\\Illuminate\\Foundation\\Http\\Middleware\\ValidatePostSize.php(27): Illuminate\\Pipeline\\Pipeline->Illuminate\\Pipeline\\{closure}(Object(Dingo\\Api\\Http\\Request))
#22 D:\\oa\\vendor\\laravel\\framework\\src\\Illuminate\\Pipeline\\Pipeline.php(171): Illuminate\\Foundation\\Http\\Middleware\\ValidatePostSize->handle(Object(Dingo\\Api\\Http\\Request), Object(Closure))
#23 D:\\oa\\vendor\\laravel\\framework\\src\\Illuminate\\Foundation\\Http\\Middleware\\CheckForMaintenanceMode.php(62): Illuminate\\Pipeline\\Pipeline->Illuminate\\Pipeline\\{closure}(Object(Dingo\\Api\\Http\\Request))
#24 D:\\oa\\vendor\\laravel\\framework\\src\\Illuminate\\Pipeline\\Pipeline.php(171): Illuminate\\Foundation\\Http\\Middleware\\CheckForMaintenanceMode->handle(Object(Dingo\\Api\\Http\\Request), Object(Closure))
#25 D:\\oa\\vendor\\fideloper\\proxy\\src\\TrustProxies.php(57): Illuminate\\Pipeline\\Pipeline->Illuminate\\Pipeline\\{closure}(Object(Dingo\\Api\\Http\\Request))
#26 D:\\oa\\vendor\\laravel\\framework\\src\\Illuminate\\Pipeline\\Pipeline.php(171): Fideloper\\Proxy\\TrustProxies->handle(Object(Dingo\\Api\\Http\\Request), Object(Closure))
#27 D:\\oa\\vendor\\laravel\\framework\\src\\Illuminate\\Pipeline\\Pipeline.php(105): Illuminate\\Pipeline\\Pipeline->Illuminate\\Pipeline\\{closure}(Object(Dingo\\Api\\Http\\Request))
#28 D:\\oa\\vendor\\dingo\\api\\src\\Http\\Middleware\\Request.php(127): Illuminate\\Pipeline\\Pipeline->then(Object(Closure))
#29 D:\\oa\\vendor\\dingo\\api\\src\\Http\\Middleware\\Request.php(103): Dingo\\Api\\Http\\Middleware\\Request->sendRequestThroughRouter(Object(Dingo\\Api\\Http\\Request))
#30 D:\\oa\\vendor\\laravel\\framework\\src\\Illuminate\\Pipeline\\Pipeline.php(171): Dingo\\Api\\Http\\Middleware\\Request->handle(Object(Dingo\\Api\\Http\\Request), Object(Closure))
#31 D:\\oa\\vendor\\laravel\\framework\\src\\Illuminate\\Pipeline\\Pipeline.php(105): Illuminate\\Pipeline\\Pipeline->Illuminate\\Pipeline\\{closure}(Object(Illuminate\\Http\\Request))
#32 D:\\oa\\vendor\\laravel\\framework\\src\\Illuminate\\Foundation\\Http\\Kernel.php(151): Illuminate\\Pipeline\\Pipeline->then(Object(Closure))
#33 D:\\oa\\vendor\\laravel\\framework\\src\\Illuminate\\Foundation\\Http\\Kernel.php(116): Illuminate\\Foundation\\Http\\Kernel->sendRequestThroughRouter(Object(Illuminate\\Http\\Request))
#34 D:\\oa\\public\\index.php(56): Illuminate\\Foundation\\Http\\Kernel->handle(Object(Illuminate\\Http\\Request))
#35 {main}
"} 
[2019-12-27 11:51:50] local.ERROR: Route [login] not defined. {"exception":"[object] (Symfony\\Component\\Routing\\Exception\\RouteNotFoundException(code: 0): Route [login] not defined. at D:\\oa\\vendor\\laravel\\framework\\src\\Illuminate\\Routing\\UrlGenerator.php:420)
[stacktrace]
#0 D:\\oa\\vendor\\laravel\\framework\\src\\Illuminate\\Foundation\\helpers.php(782): Illuminate\\Routing\\UrlGenerator->route('login', Array, true)
#1 D:\\oa\\app\\Http\\Middleware\\Authenticate.php(18): route('login')
#2 D:\\oa\\vendor\\laravel\\framework\\src\\Illuminate\\Auth\\Middleware\\Authenticate.php(82): App\\Http\\Middleware\\Authenticate->redirectTo(Object(Dingo\\Api\\Http\\Request))
#3 D:\\oa\\vendor\\laravel\\framework\\src\\Illuminate\\Auth\\Middleware\\Authenticate.php(67): Illuminate\\Auth\\Middleware\\Authenticate->unauthenticated(Object(Dingo\\Api\\Http\\Request), Array)
#4 D:\\oa\\vendor\\laravel\\framework\\src\\Illuminate\\Auth\\Middleware\\Authenticate.php(41): Illuminate\\Auth\\Middleware\\Authenticate->authenticate(Object(Dingo\\Api\\Http\\Request), Array)
#5 D:\\oa\\vendor\\laravel\\framework\\src\\Illuminate\\Pipeline\\Pipeline.php(171): Illuminate\\Auth\\Middleware\\Authenticate->handle(Object(Dingo\\Api\\Http\\Request), Object(Closure), 'api')
#6 D:\\oa\\vendor\\dingo\\api\\src\\Http\\Middleware\\PrepareController.php(45): Illuminate\\Pipeline\\Pipeline->Illuminate\\Pipeline\\{closure}(Object(Dingo\\Api\\Http\\Request))
#7 D:\\oa\\vendor\\laravel\\framework\\src\\Illuminate\\Pipeline\\Pipeline.php(171): Dingo\\Api\\Http\\Middleware\\PrepareController->handle(Object(Dingo\\Api\\Http\\Request), Object(Closure))
#8 D:\\oa\\vendor\\laravel\\framework\\src\\Illuminate\\Pipeline\\Pipeline.php(105): Illuminate\\Pipeline\\Pipeline->Illuminate\\Pipeline\\{closure}(Object(Dingo\\Api\\Http\\Request))
#9 D:\\oa\\vendor\\laravel\\framework\\src\\Illuminate\\Routing\\Router.php(682): Illuminate\\Pipeline\\Pipeline->then(Object(Closure))
#10 D:\\oa\\vendor\\laravel\\framework\\src\\Illuminate\\Routing\\Router.php(657): Illuminate\\Routing\\Router->runRouteWithinStack(Object(Illuminate\\Routing\\Route), Object(Dingo\\Api\\Http\\Request))
#11 D:\\oa\\vendor\\laravel\\framework\\src\\Illuminate\\Routing\\Router.php(623): Illuminate\\Routing\\Router->runRoute(Object(Dingo\\Api\\Http\\Request), Object(Illuminate\\Routing\\Route))
#12 D:\\oa\\vendor\\laravel\\framework\\src\\Illuminate\\Routing\\Router.php(612): Illuminate\\Routing\\Router->dispatchToRoute(Object(Dingo\\Api\\Http\\Request))
#13 D:\\oa\\vendor\\dingo\\api\\src\\Routing\\Adapter\\Laravel.php(88): Illuminate\\Routing\\Router->dispatch(Object(Dingo\\Api\\Http\\Request))
#14 D:\\oa\\vendor\\dingo\\api\\src\\Routing\\Router.php(514): Dingo\\Api\\Routing\\Adapter\\Laravel->dispatch(Object(Dingo\\Api\\Http\\Request), 'v1')
#15 D:\\oa\\vendor\\dingo\\api\\src\\Http\\Middleware\\Request.php(126): Dingo\\Api\\Routing\\Router->dispatch(Object(Dingo\\Api\\Http\\Request))
#16 D:\\oa\\vendor\\laravel\\framework\\src\\Illuminate\\Pipeline\\Pipeline.php(130): Dingo\\Api\\Http\\Middleware\\Request->Dingo\\Api\\Http\\Middleware\\{closure}(Object(Dingo\\Api\\Http\\Request))
#17 D:\\oa\\vendor\\laravel\\framework\\src\\Illuminate\\Foundation\\Http\\Middleware\\TransformsRequest.php(21): Illuminate\\Pipeline\\Pipeline->Illuminate\\Pipeline\\{closure}(Object(Dingo\\Api\\Http\\Request))
#18 D:\\oa\\vendor\\laravel\\framework\\src\\Illuminate\\Pipeline\\Pipeline.php(171): Illuminate\\Foundation\\Http\\Middleware\\TransformsRequest->handle(Object(Dingo\\Api\\Http\\Request), Object(Closure))
#19 D:\\oa\\vendor\\laravel\\framework\\src\\Illuminate\\Foundation\\Http\\Middleware\\TransformsRequest.php(21): Illuminate\\Pipeline\\Pipeline->Illuminate\\Pipeline\\{closure}(Object(Dingo\\Api\\Http\\Request))
#20 D:\\oa\\vendor\\laravel\\framework\\src\\Illuminate\\Pipeline\\Pipeline.php(171): Illuminate\\Foundation\\Http\\Middleware\\TransformsRequest->handle(Object(Dingo\\Api\\Http\\Request), Object(Closure))
#21 D:\\oa\\vendor\\laravel\\framework\\src\\Illuminate\\Foundation\\Http\\Middleware\\ValidatePostSize.php(27): Illuminate\\Pipeline\\Pipeline->Illuminate\\Pipeline\\{closure}(Object(Dingo\\Api\\Http\\Request))
#22 D:\\oa\\vendor\\laravel\\framework\\src\\Illuminate\\Pipeline\\Pipeline.php(171): Illuminate\\Foundation\\Http\\Middleware\\ValidatePostSize->handle(Object(Dingo\\Api\\Http\\Request), Object(Closure))
#23 D:\\oa\\vendor\\laravel\\framework\\src\\Illuminate\\Foundation\\Http\\Middleware\\CheckForMaintenanceMode.php(62): Illuminate\\Pipeline\\Pipeline->Illuminate\\Pipeline\\{closure}(Object(Dingo\\Api\\Http\\Request))
#24 D:\\oa\\vendor\\laravel\\framework\\src\\Illuminate\\Pipeline\\Pipeline.php(171): Illuminate\\Foundation\\Http\\Middleware\\CheckForMaintenanceMode->handle(Object(Dingo\\Api\\Http\\Request), Object(Closure))
#25 D:\\oa\\vendor\\fideloper\\proxy\\src\\TrustProxies.php(57): Illuminate\\Pipeline\\Pipeline->Illuminate\\Pipeline\\{closure}(Object(Dingo\\Api\\Http\\Request))
#26 D:\\oa\\vendor\\laravel\\framework\\src\\Illuminate\\Pipeline\\Pipeline.php(171): Fideloper\\Proxy\\TrustProxies->handle(Object(Dingo\\Api\\Http\\Request), Object(Closure))
#27 D:\\oa\\vendor\\laravel\\framework\\src\\Illuminate\\Pipeline\\Pipeline.php(105): Illuminate\\Pipeline\\Pipeline->Illuminate\\Pipeline\\{closure}(Object(Dingo\\Api\\Http\\Request))
#28 D:\\oa\\vendor\\dingo\\api\\src\\Http\\Middleware\\Request.php(127): Illuminate\\Pipeline\\Pipeline->then(Object(Closure))
#29 D:\\oa\\vendor\\dingo\\api\\src\\Http\\Middleware\\Request.php(103): Dingo\\Api\\Http\\Middleware\\Request->sendRequestThroughRouter(Object(Dingo\\Api\\Http\\Request))
#30 D:\\oa\\vendor\\laravel\\framework\\src\\Illuminate\\Pipeline\\Pipeline.php(171): Dingo\\Api\\Http\\Middleware\\Request->handle(Object(Dingo\\Api\\Http\\Request), Object(Closure))
#31 D:\\oa\\vendor\\laravel\\framework\\src\\Illuminate\\Pipeline\\Pipeline.php(105): Illuminate\\Pipeline\\Pipeline->Illuminate\\Pipeline\\{closure}(Object(Illuminate\\Http\\Request))
#32 D:\\oa\\vendor\\laravel\\framework\\src\\Illuminate\\Foundation\\Http\\Kernel.php(151): Illuminate\\Pipeline\\Pipeline->then(Object(Closure))
#33 D:\\oa\\vendor\\laravel\\framework\\src\\Illuminate\\Foundation\\Http\\Kernel.php(116): Illuminate\\Foundation\\Http\\Kernel->sendRequestThroughRouter(Object(Illuminate\\Http\\Request))
#34 D:\\oa\\public\\index.php(56): Illuminate\\Foundation\\Http\\Kernel->handle(Object(Illuminate\\Http\\Request))
#35 {main}
"} 
[2019-12-27 11:51:50] local.ERROR: Route [login] not defined. {"exception":"[object] (Symfony\\Component\\Routing\\Exception\\RouteNotFoundException(code: 0): Route [login] not defined. at D:\\oa\\vendor\\laravel\\framework\\src\\Illuminate\\Routing\\UrlGenerator.php:420)
[stacktrace]
#0 D:\\oa\\vendor\\laravel\\framework\\src\\Illuminate\\Foundation\\helpers.php(782): Illuminate\\Routing\\UrlGenerator->route('login', Array, true)
#1 D:\\oa\\app\\Http\\Middleware\\Authenticate.php(18): route('login')
#2 D:\\oa\\vendor\\laravel\\framework\\src\\Illuminate\\Auth\\Middleware\\Authenticate.php(82): App\\Http\\Middleware\\Authenticate->redirectTo(Object(Dingo\\Api\\Http\\Request))
#3 D:\\oa\\vendor\\laravel\\framework\\src\\Illuminate\\Auth\\Middleware\\Authenticate.php(67): Illuminate\\Auth\\Middleware\\Authenticate->unauthenticated(Object(Dingo\\Api\\Http\\Request), Array)
#4 D:\\oa\\vendor\\laravel\\framework\\src\\Illuminate\\Auth\\Middleware\\Authenticate.php(41): Illuminate\\Auth\\Middleware\\Authenticate->authenticate(Object(Dingo\\Api\\Http\\Request), Array)
#5 D:\\oa\\vendor\\laravel\\framework\\src\\Illuminate\\Pipeline\\Pipeline.php(171): Illuminate\\Auth\\Middleware\\Authenticate->handle(Object(Dingo\\Api\\Http\\Request), Object(Closure), 'api')
#6 D:\\oa\\vendor\\dingo\\api\\src\\Http\\Middleware\\PrepareController.php(45): Illuminate\\Pipeline\\Pipeline->Illuminate\\Pipeline\\{closure}(Object(Dingo\\Api\\Http\\Request))
#7 D:\\oa\\vendor\\laravel\\framework\\src\\Illuminate\\Pipeline\\Pipeline.php(171): Dingo\\Api\\Http\\Middleware\\PrepareController->handle(Object(Dingo\\Api\\Http\\Request), Object(Closure))
#8 D:\\oa\\vendor\\laravel\\framework\\src\\Illuminate\\Pipeline\\Pipeline.php(105): Illuminate\\Pipeline\\Pipeline->Illuminate\\Pipeline\\{closure}(Object(Dingo\\Api\\Http\\Request))
#9 D:\\oa\\vendor\\laravel\\framework\\src\\Illuminate\\Routing\\Router.php(682): Illuminate\\Pipeline\\Pipeline->then(Object(Closure))
#10 D:\\oa\\vendor\\laravel\\framework\\src\\Illuminate\\Routing\\Router.php(657): Illuminate\\Routing\\Router->runRouteWithinStack(Object(Illuminate\\Routing\\Route), Object(Dingo\\Api\\Http\\Request))
#11 D:\\oa\\vendor\\laravel\\framework\\src\\Illuminate\\Routing\\Router.php(623): Illuminate\\Routing\\Router->runRoute(Object(Dingo\\Api\\Http\\Request), Object(Illuminate\\Routing\\Route))
#12 D:\\oa\\vendor\\laravel\\framework\\src\\Illuminate\\Routing\\Router.php(612): Illuminate\\Routing\\Router->dispatchToRoute(Object(Dingo\\Api\\Http\\Request))
#13 D:\\oa\\vendor\\dingo\\api\\src\\Routing\\Adapter\\Laravel.php(88): Illuminate\\Routing\\Router->dispatch(Object(Dingo\\Api\\Http\\Request))
#14 D:\\oa\\vendor\\dingo\\api\\src\\Routing\\Router.php(514): Dingo\\Api\\Routing\\Adapter\\Laravel->dispatch(Object(Dingo\\Api\\Http\\Request), 'v1')
#15 D:\\oa\\vendor\\dingo\\api\\src\\Http\\Middleware\\Request.php(126): Dingo\\Api\\Routing\\Router->dispatch(Object(Dingo\\Api\\Http\\Request))
#16 D:\\oa\\vendor\\laravel\\framework\\src\\Illuminate\\Pipeline\\Pipeline.php(130): Dingo\\Api\\Http\\Middleware\\Request->Dingo\\Api\\Http\\Middleware\\{closure}(Object(Dingo\\Api\\Http\\Request))
#17 D:\\oa\\vendor\\laravel\\framework\\src\\Illuminate\\Foundation\\Http\\Middleware\\TransformsRequest.php(21): Illuminate\\Pipeline\\Pipeline->Illuminate\\Pipeline\\{closure}(Object(Dingo\\Api\\Http\\Request))
#18 D:\\oa\\vendor\\laravel\\framework\\src\\Illuminate\\Pipeline\\Pipeline.php(171): Illuminate\\Foundation\\Http\\Middleware\\TransformsRequest->handle(Object(Dingo\\Api\\Http\\Request), Object(Closure))
#19 D:\\oa\\vendor\\laravel\\framework\\src\\Illuminate\\Foundation\\Http\\Middleware\\TransformsRequest.php(21): Illuminate\\Pipeline\\Pipeline->Illuminate\\Pipeline\\{closure}(Object(Dingo\\Api\\Http\\Request))
#20 D:\\oa\\vendor\\laravel\\framework\\src\\Illuminate\\Pipeline\\Pipeline.php(171): Illuminate\\Foundation\\Http\\Middleware\\TransformsRequest->handle(Object(Dingo\\Api\\Http\\Request), Object(Closure))
#21 D:\\oa\\vendor\\laravel\\framework\\src\\Illuminate\\Foundation\\Http\\Middleware\\ValidatePostSize.php(27): Illuminate\\Pipeline\\Pipeline->Illuminate\\Pipeline\\{closure}(Object(Dingo\\Api\\Http\\Request))
#22 D:\\oa\\vendor\\laravel\\framework\\src\\Illuminate\\Pipeline\\Pipeline.php(171): Illuminate\\Foundation\\Http\\Middleware\\ValidatePostSize->handle(Object(Dingo\\Api\\Http\\Request), Object(Closure))
#23 D:\\oa\\vendor\\laravel\\framework\\src\\Illuminate\\Foundation\\Http\\Middleware\\CheckForMaintenanceMode.php(62): Illuminate\\Pipeline\\Pipeline->Illuminate\\Pipeline\\{closure}(Object(Dingo\\Api\\Http\\Request))
#24 D:\\oa\\vendor\\laravel\\framework\\src\\Illuminate\\Pipeline\\Pipeline.php(171): Illuminate\\Foundation\\Http\\Middleware\\CheckForMaintenanceMode->handle(Object(Dingo\\Api\\Http\\Request), Object(Closure))
#25 D:\\oa\\vendor\\fideloper\\proxy\\src\\TrustProxies.php(57): Illuminate\\Pipeline\\Pipeline->Illuminate\\Pipeline\\{closure}(Object(Dingo\\Api\\Http\\Request))
#26 D:\\oa\\vendor\\laravel\\framework\\src\\Illuminate\\Pipeline\\Pipeline.php(171): Fideloper\\Proxy\\TrustProxies->handle(Object(Dingo\\Api\\Http\\Request), Object(Closure))
#27 D:\\oa\\vendor\\laravel\\framework\\src\\Illuminate\\Pipeline\\Pipeline.php(105): Illuminate\\Pipeline\\Pipeline->Illuminate\\Pipeline\\{closure}(Object(Dingo\\Api\\Http\\Request))
#28 D:\\oa\\vendor\\dingo\\api\\src\\Http\\Middleware\\Request.php(127): Illuminate\\Pipeline\\Pipeline->then(Object(Closure))
#29 D:\\oa\\vendor\\dingo\\api\\src\\Http\\Middleware\\Request.php(103): Dingo\\Api\\Http\\Middleware\\Request->sendRequestThroughRouter(Object(Dingo\\Api\\Http\\Request))
#30 D:\\oa\\vendor\\laravel\\framework\\src\\Illuminate\\Pipeline\\Pipeline.php(171): Dingo\\Api\\Http\\Middleware\\Request->handle(Object(Dingo\\Api\\Http\\Request), Object(Closure))
#31 D:\\oa\\vendor\\laravel\\framework\\src\\Illuminate\\Pipeline\\Pipeline.php(105): Illuminate\\Pipeline\\Pipeline->Illuminate\\Pipeline\\{closure}(Object(Illuminate\\Http\\Request))
#32 D:\\oa\\vendor\\laravel\\framework\\src\\Illuminate\\Foundation\\Http\\Kernel.php(151): Illuminate\\Pipeline\\Pipeline->then(Object(Closure))
#33 D:\\oa\\vendor\\laravel\\framework\\src\\Illuminate\\Foundation\\Http\\Kernel.php(116): Illuminate\\Foundation\\Http\\Kernel->sendRequestThroughRouter(Object(Illuminate\\Http\\Request))
#34 D:\\oa\\public\\index.php(56): Illuminate\\Foundation\\Http\\Kernel->handle(Object(Illuminate\\Http\\Request))
#35 {main}
"} 
[2019-12-27 13:42:25] local.ERROR: The resource owner or authorization server denied the request. {"exception":"[object] (League\\OAuth2\\Server\\Exception\\OAuthServerException(code: 9): The resource owner or authorization server denied the request. at D:\\oa\\vendor\\league\\oauth2-server\\src\\Exception\\OAuthServerException.php:243)
[stacktrace]
#0 D:\\oa\\vendor\\league\\oauth2-server\\src\\AuthorizationValidators\\BearerTokenValidator.php(89): League\\OAuth2\\Server\\Exception\\OAuthServerException::accessDenied('Access token ha...')
#1 D:\\oa\\vendor\\league\\oauth2-server\\src\\ResourceServer.php(84): League\\OAuth2\\Server\\AuthorizationValidators\\BearerTokenValidator->validateAuthorization(Object(Zend\\Diactoros\\ServerRequest))
#2 D:\\oa\\vendor\\laravel\\passport\\src\\Guards\\TokenGuard.php(184): League\\OAuth2\\Server\\ResourceServer->validateAuthenticatedRequest(Object(Zend\\Diactoros\\ServerRequest))
#3 D:\\oa\\vendor\\laravel\\passport\\src\\Guards\\TokenGuard.php(131): Laravel\\Passport\\Guards\\TokenGuard->getPsrRequestViaBearerToken(Object(Dingo\\Api\\Http\\Request))
#4 D:\\oa\\vendor\\laravel\\passport\\src\\Guards\\TokenGuard.php(94): Laravel\\Passport\\Guards\\TokenGuard->authenticateViaBearerToken(Object(Dingo\\Api\\Http\\Request))
#5 D:\\oa\\vendor\\laravel\\passport\\src\\PassportServiceProvider.php(277): Laravel\\Passport\\Guards\\TokenGuard->user(Object(Dingo\\Api\\Http\\Request))
#6 [internal function]: Laravel\\Passport\\PassportServiceProvider->Laravel\\Passport\\{closure}(Object(Dingo\\Api\\Http\\Request), NULL)
#7 D:\\oa\\vendor\\laravel\\framework\\src\\Illuminate\\Auth\\RequestGuard.php(58): call_user_func(Object(Closure), Object(Dingo\\Api\\Http\\Request), NULL)
#8 D:\\oa\\vendor\\laravel\\framework\\src\\Illuminate\\Auth\\GuardHelpers.php(60): Illuminate\\Auth\\RequestGuard->user()
#9 D:\\oa\\vendor\\laravel\\framework\\src\\Illuminate\\Auth\\Middleware\\Authenticate.php(62): Illuminate\\Auth\\RequestGuard->check()
#10 D:\\oa\\vendor\\laravel\\framework\\src\\Illuminate\\Auth\\Middleware\\Authenticate.php(41): Illuminate\\Auth\\Middleware\\Authenticate->authenticate(Object(Dingo\\Api\\Http\\Request), Array)
#11 D:\\oa\\vendor\\laravel\\framework\\src\\Illuminate\\Pipeline\\Pipeline.php(171): Illuminate\\Auth\\Middleware\\Authenticate->handle(Object(Dingo\\Api\\Http\\Request), Object(Closure), 'api')
#12 D:\\oa\\vendor\\dingo\\api\\src\\Http\\Middleware\\PrepareController.php(45): Illuminate\\Pipeline\\Pipeline->Illuminate\\Pipeline\\{closure}(Object(Dingo\\Api\\Http\\Request))
#13 D:\\oa\\vendor\\laravel\\framework\\src\\Illuminate\\Pipeline\\Pipeline.php(171): Dingo\\Api\\Http\\Middleware\\PrepareController->handle(Object(Dingo\\Api\\Http\\Request), Object(Closure))
#14 D:\\oa\\vendor\\laravel\\framework\\src\\Illuminate\\Pipeline\\Pipeline.php(105): Illuminate\\Pipeline\\Pipeline->Illuminate\\Pipeline\\{closure}(Object(Dingo\\Api\\Http\\Request))
#15 D:\\oa\\vendor\\laravel\\framework\\src\\Illuminate\\Routing\\Router.php(682): Illuminate\\Pipeline\\Pipeline->then(Object(Closure))
#16 D:\\oa\\vendor\\laravel\\framework\\src\\Illuminate\\Routing\\Router.php(657): Illuminate\\Routing\\Router->runRouteWithinStack(Object(Illuminate\\Routing\\Route), Object(Dingo\\Api\\Http\\Request))
#17 D:\\oa\\vendor\\laravel\\framework\\src\\Illuminate\\Routing\\Router.php(623): Illuminate\\Routing\\Router->runRoute(Object(Dingo\\Api\\Http\\Request), Object(Illuminate\\Routing\\Route))
#18 D:\\oa\\vendor\\laravel\\framework\\src\\Illuminate\\Routing\\Router.php(612): Illuminate\\Routing\\Router->dispatchToRoute(Object(Dingo\\Api\\Http\\Request))
#19 D:\\oa\\vendor\\dingo\\api\\src\\Routing\\Adapter\\Laravel.php(88): Illuminate\\Routing\\Router->dispatch(Object(Dingo\\Api\\Http\\Request))
#20 D:\\oa\\vendor\\dingo\\api\\src\\Routing\\Router.php(514): Dingo\\Api\\Routing\\Adapter\\Laravel->dispatch(Object(Dingo\\Api\\Http\\Request), 'v1')
#21 D:\\oa\\vendor\\dingo\\api\\src\\Http\\Middleware\\Request.php(126): Dingo\\Api\\Routing\\Router->dispatch(Object(Dingo\\Api\\Http\\Request))
#22 D:\\oa\\vendor\\laravel\\framework\\src\\Illuminate\\Pipeline\\Pipeline.php(130): Dingo\\Api\\Http\\Middleware\\Request->Dingo\\Api\\Http\\Middleware\\{closure}(Object(Dingo\\Api\\Http\\Request))
#23 D:\\oa\\vendor\\laravel\\framework\\src\\Illuminate\\Foundation\\Http\\Middleware\\TransformsRequest.php(21): Illuminate\\Pipeline\\Pipeline->Illuminate\\Pipeline\\{closure}(Object(Dingo\\Api\\Http\\Request))
#24 D:\\oa\\vendor\\laravel\\framework\\src\\Illuminate\\Pipeline\\Pipeline.php(171): Illuminate\\Foundation\\Http\\Middleware\\TransformsRequest->handle(Object(Dingo\\Api\\Http\\Request), Object(Closure))
#25 D:\\oa\\vendor\\laravel\\framework\\src\\Illuminate\\Foundation\\Http\\Middleware\\TransformsRequest.php(21): Illuminate\\Pipeline\\Pipeline->Illuminate\\Pipeline\\{closure}(Object(Dingo\\Api\\Http\\Request))
#26 D:\\oa\\vendor\\laravel\\framework\\src\\Illuminate\\Pipeline\\Pipeline.php(171): Illuminate\\Foundation\\Http\\Middleware\\TransformsRequest->handle(Object(Dingo\\Api\\Http\\Request), Object(Closure))
#27 D:\\oa\\vendor\\laravel\\framework\\src\\Illuminate\\Foundation\\Http\\Middleware\\ValidatePostSize.php(27): Illuminate\\Pipeline\\Pipeline->Illuminate\\Pipeline\\{closure}(Object(Dingo\\Api\\Http\\Request))
#28 D:\\oa\\vendor\\laravel\\framework\\src\\Illuminate\\Pipeline\\Pipeline.php(171): Illuminate\\Foundation\\Http\\Middleware\\ValidatePostSize->handle(Object(Dingo\\Api\\Http\\Request), Object(Closure))
#29 D:\\oa\\vendor\\laravel\\framework\\src\\Illuminate\\Foundation\\Http\\Middleware\\CheckForMaintenanceMode.php(62): Illuminate\\Pipeline\\Pipeline->Illuminate\\Pipeline\\{closure}(Object(Dingo\\Api\\Http\\Request))
#30 D:\\oa\\vendor\\laravel\\framework\\src\\Illuminate\\Pipeline\\Pipeline.php(171): Illuminate\\Foundation\\Http\\Middleware\\CheckForMaintenanceMode->handle(Object(Dingo\\Api\\Http\\Request), Object(Closure))
#31 D:\\oa\\vendor\\fideloper\\proxy\\src\\TrustProxies.php(57): Illuminate\\Pipeline\\Pipeline->Illuminate\\Pipeline\\{closure}(Object(Dingo\\Api\\Http\\Request))
#32 D:\\oa\\vendor\\laravel\\framework\\src\\Illuminate\\Pipeline\\Pipeline.php(171): Fideloper\\Proxy\\TrustProxies->handle(Object(Dingo\\Api\\Http\\Request), Object(Closure))
#33 D:\\oa\\vendor\\laravel\\framework\\src\\Illuminate\\Pipeline\\Pipeline.php(105): Illuminate\\Pipeline\\Pipeline->Illuminate\\Pipeline\\{closure}(Object(Dingo\\Api\\Http\\Request))
#34 D:\\oa\\vendor\\dingo\\api\\src\\Http\\Middleware\\Request.php(127): Illuminate\\Pipeline\\Pipeline->then(Object(Closure))
#35 D:\\oa\\vendor\\dingo\\api\\src\\Http\\Middleware\\Request.php(103): Dingo\\Api\\Http\\Middleware\\Request->sendRequestThroughRouter(Object(Dingo\\Api\\Http\\Request))
#36 D:\\oa\\vendor\\laravel\\framework\\src\\Illuminate\\Pipeline\\Pipeline.php(171): Dingo\\Api\\Http\\Middleware\\Request->handle(Object(Dingo\\Api\\Http\\Request), Object(Closure))
#37 D:\\oa\\vendor\\laravel\\framework\\src\\Illuminate\\Pipeline\\Pipeline.php(105): Illuminate\\Pipeline\\Pipeline->Illuminate\\Pipeline\\{closure}(Object(Illuminate\\Http\\Request))
#38 D:\\oa\\vendor\\laravel\\framework\\src\\Illuminate\\Foundation\\Http\\Kernel.php(151): Illuminate\\Pipeline\\Pipeline->then(Object(Closure))
#39 D:\\oa\\vendor\\laravel\\framework\\src\\Illuminate\\Foundation\\Http\\Kernel.php(116): Illuminate\\Foundation\\Http\\Kernel->sendRequestThroughRouter(Object(Illuminate\\Http\\Request))
#40 D:\\oa\\public\\index.php(56): Illuminate\\Foundation\\Http\\Kernel->handle(Object(Illuminate\\Http\\Request))
#41 {main}
"} 
[2019-12-27 13:43:07] local.ERROR: The resource owner or authorization server denied the request. {"exception":"[object] (League\\OAuth2\\Server\\Exception\\OAuthServerException(code: 9): The resource owner or authorization server denied the request. at D:\\oa\\vendor\\league\\oauth2-server\\src\\Exception\\OAuthServerException.php:243)
[stacktrace]
#0 D:\\oa\\vendor\\league\\oauth2-server\\src\\AuthorizationValidators\\BearerTokenValidator.php(89): League\\OAuth2\\Server\\Exception\\OAuthServerException::accessDenied('Access token ha...')
#1 D:\\oa\\vendor\\league\\oauth2-server\\src\\ResourceServer.php(84): League\\OAuth2\\Server\\AuthorizationValidators\\BearerTokenValidator->validateAuthorization(Object(Zend\\Diactoros\\ServerRequest))
#2 D:\\oa\\vendor\\laravel\\passport\\src\\Guards\\TokenGuard.php(184): League\\OAuth2\\Server\\ResourceServer->validateAuthenticatedRequest(Object(Zend\\Diactoros\\ServerRequest))
#3 D:\\oa\\vendor\\laravel\\passport\\src\\Guards\\TokenGuard.php(131): Laravel\\Passport\\Guards\\TokenGuard->getPsrRequestViaBearerToken(Object(Dingo\\Api\\Http\\Request))
#4 D:\\oa\\vendor\\laravel\\passport\\src\\Guards\\TokenGuard.php(94): Laravel\\Passport\\Guards\\TokenGuard->authenticateViaBearerToken(Object(Dingo\\Api\\Http\\Request))
#5 D:\\oa\\vendor\\laravel\\passport\\src\\PassportServiceProvider.php(277): Laravel\\Passport\\Guards\\TokenGuard->user(Object(Dingo\\Api\\Http\\Request))
#6 [internal function]: Laravel\\Passport\\PassportServiceProvider->Laravel\\Passport\\{closure}(Object(Dingo\\Api\\Http\\Request), NULL)
#7 D:\\oa\\vendor\\laravel\\framework\\src\\Illuminate\\Auth\\RequestGuard.php(58): call_user_func(Object(Closure), Object(Dingo\\Api\\Http\\Request), NULL)
#8 D:\\oa\\vendor\\laravel\\framework\\src\\Illuminate\\Auth\\GuardHelpers.php(60): Illuminate\\Auth\\RequestGuard->user()
#9 D:\\oa\\vendor\\laravel\\framework\\src\\Illuminate\\Auth\\Middleware\\Authenticate.php(62): Illuminate\\Auth\\RequestGuard->check()
#10 D:\\oa\\vendor\\laravel\\framework\\src\\Illuminate\\Auth\\Middleware\\Authenticate.php(41): Illuminate\\Auth\\Middleware\\Authenticate->authenticate(Object(Dingo\\Api\\Http\\Request), Array)
#11 D:\\oa\\vendor\\laravel\\framework\\src\\Illuminate\\Pipeline\\Pipeline.php(171): Illuminate\\Auth\\Middleware\\Authenticate->handle(Object(Dingo\\Api\\Http\\Request), Object(Closure), 'api')
#12 D:\\oa\\vendor\\dingo\\api\\src\\Http\\Middleware\\PrepareController.php(45): Illuminate\\Pipeline\\Pipeline->Illuminate\\Pipeline\\{closure}(Object(Dingo\\Api\\Http\\Request))
#13 D:\\oa\\vendor\\laravel\\framework\\src\\Illuminate\\Pipeline\\Pipeline.php(171): Dingo\\Api\\Http\\Middleware\\PrepareController->handle(Object(Dingo\\Api\\Http\\Request), Object(Closure))
#14 D:\\oa\\vendor\\laravel\\framework\\src\\Illuminate\\Pipeline\\Pipeline.php(105): Illuminate\\Pipeline\\Pipeline->Illuminate\\Pipeline\\{closure}(Object(Dingo\\Api\\Http\\Request))
#15 D:\\oa\\vendor\\laravel\\framework\\src\\Illuminate\\Routing\\Router.php(682): Illuminate\\Pipeline\\Pipeline->then(Object(Closure))
#16 D:\\oa\\vendor\\laravel\\framework\\src\\Illuminate\\Routing\\Router.php(657): Illuminate\\Routing\\Router->runRouteWithinStack(Object(Illuminate\\Routing\\Route), Object(Dingo\\Api\\Http\\Request))
#17 D:\\oa\\vendor\\laravel\\framework\\src\\Illuminate\\Routing\\Router.php(623): Illuminate\\Routing\\Router->runRoute(Object(Dingo\\Api\\Http\\Request), Object(Illuminate\\Routing\\Route))
#18 D:\\oa\\vendor\\laravel\\framework\\src\\Illuminate\\Routing\\Router.php(612): Illuminate\\Routing\\Router->dispatchToRoute(Object(Dingo\\Api\\Http\\Request))
#19 D:\\oa\\vendor\\dingo\\api\\src\\Routing\\Adapter\\Laravel.php(88): Illuminate\\Routing\\Router->dispatch(Object(Dingo\\Api\\Http\\Request))
#20 D:\\oa\\vendor\\dingo\\api\\src\\Routing\\Router.php(514): Dingo\\Api\\Routing\\Adapter\\Laravel->dispatch(Object(Dingo\\Api\\Http\\Request), 'v1')
#21 D:\\oa\\vendor\\dingo\\api\\src\\Http\\Middleware\\Request.php(126): Dingo\\Api\\Routing\\Router->dispatch(Object(Dingo\\Api\\Http\\Request))
#22 D:\\oa\\vendor\\laravel\\framework\\src\\Illuminate\\Pipeline\\Pipeline.php(130): Dingo\\Api\\Http\\Middleware\\Request->Dingo\\Api\\Http\\Middleware\\{closure}(Object(Dingo\\Api\\Http\\Request))
#23 D:\\oa\\vendor\\laravel\\framework\\src\\Illuminate\\Foundation\\Http\\Middleware\\TransformsRequest.php(21): Illuminate\\Pipeline\\Pipeline->Illuminate\\Pipeline\\{closure}(Object(Dingo\\Api\\Http\\Request))
#24 D:\\oa\\vendor\\laravel\\framework\\src\\Illuminate\\Pipeline\\Pipeline.php(171): Illuminate\\Foundation\\Http\\Middleware\\TransformsRequest->handle(Object(Dingo\\Api\\Http\\Request), Object(Closure))
#25 D:\\oa\\vendor\\laravel\\framework\\src\\Illuminate\\Foundation\\Http\\Middleware\\TransformsRequest.php(21): Illuminate\\Pipeline\\Pipeline->Illuminate\\Pipeline\\{closure}(Object(Dingo\\Api\\Http\\Request))
#26 D:\\oa\\vendor\\laravel\\framework\\src\\Illuminate\\Pipeline\\Pipeline.php(171): Illuminate\\Foundation\\Http\\Middleware\\TransformsRequest->handle(Object(Dingo\\Api\\Http\\Request), Object(Closure))
#27 D:\\oa\\vendor\\laravel\\framework\\src\\Illuminate\\Foundation\\Http\\Middleware\\ValidatePostSize.php(27): Illuminate\\Pipeline\\Pipeline->Illuminate\\Pipeline\\{closure}(Object(Dingo\\Api\\Http\\Request))
#28 D:\\oa\\vendor\\laravel\\framework\\src\\Illuminate\\Pipeline\\Pipeline.php(171): Illuminate\\Foundation\\Http\\Middleware\\ValidatePostSize->handle(Object(Dingo\\Api\\Http\\Request), Object(Closure))
#29 D:\\oa\\vendor\\laravel\\framework\\src\\Illuminate\\Foundation\\Http\\Middleware\\CheckForMaintenanceMode.php(62): Illuminate\\Pipeline\\Pipeline->Illuminate\\Pipeline\\{closure}(Object(Dingo\\Api\\Http\\Request))
#30 D:\\oa\\vendor\\laravel\\framework\\src\\Illuminate\\Pipeline\\Pipeline.php(171): Illuminate\\Foundation\\Http\\Middleware\\CheckForMaintenanceMode->handle(Object(Dingo\\Api\\Http\\Request), Object(Closure))
#31 D:\\oa\\vendor\\fideloper\\proxy\\src\\TrustProxies.php(57): Illuminate\\Pipeline\\Pipeline->Illuminate\\Pipeline\\{closure}(Object(Dingo\\Api\\Http\\Request))
#32 D:\\oa\\vendor\\laravel\\framework\\src\\Illuminate\\Pipeline\\Pipeline.php(171): Fideloper\\Proxy\\TrustProxies->handle(Object(Dingo\\Api\\Http\\Request), Object(Closure))
#33 D:\\oa\\vendor\\laravel\\framework\\src\\Illuminate\\Pipeline\\Pipeline.php(105): Illuminate\\Pipeline\\Pipeline->Illuminate\\Pipeline\\{closure}(Object(Dingo\\Api\\Http\\Request))
#34 D:\\oa\\vendor\\dingo\\api\\src\\Http\\Middleware\\Request.php(127): Illuminate\\Pipeline\\Pipeline->then(Object(Closure))
#35 D:\\oa\\vendor\\dingo\\api\\src\\Http\\Middleware\\Request.php(103): Dingo\\Api\\Http\\Middleware\\Request->sendRequestThroughRouter(Object(Dingo\\Api\\Http\\Request))
#36 D:\\oa\\vendor\\laravel\\framework\\src\\Illuminate\\Pipeline\\Pipeline.php(171): Dingo\\Api\\Http\\Middleware\\Request->handle(Object(Dingo\\Api\\Http\\Request), Object(Closure))
#37 D:\\oa\\vendor\\laravel\\framework\\src\\Illuminate\\Pipeline\\Pipeline.php(105): Illuminate\\Pipeline\\Pipeline->Illuminate\\Pipeline\\{closure}(Object(Illuminate\\Http\\Request))
#38 D:\\oa\\vendor\\laravel\\framework\\src\\Illuminate\\Foundation\\Http\\Kernel.php(151): Illuminate\\Pipeline\\Pipeline->then(Object(Closure))
#39 D:\\oa\\vendor\\laravel\\framework\\src\\Illuminate\\Foundation\\Http\\Kernel.php(116): Illuminate\\Foundation\\Http\\Kernel->sendRequestThroughRouter(Object(Illuminate\\Http\\Request))
#40 D:\\oa\\public\\index.php(56): Illuminate\\Foundation\\Http\\Kernel->handle(Object(Illuminate\\Http\\Request))
#41 {main}
"} 
[2019-12-27 13:43:12] local.ERROR: The resource owner or authorization server denied the request. {"exception":"[object] (League\\OAuth2\\Server\\Exception\\OAuthServerException(code: 9): The resource owner or authorization server denied the request. at D:\\oa\\vendor\\league\\oauth2-server\\src\\Exception\\OAuthServerException.php:243)
[stacktrace]
#0 D:\\oa\\vendor\\league\\oauth2-server\\src\\AuthorizationValidators\\BearerTokenValidator.php(89): League\\OAuth2\\Server\\Exception\\OAuthServerException::accessDenied('Access token ha...')
#1 D:\\oa\\vendor\\league\\oauth2-server\\src\\ResourceServer.php(84): League\\OAuth2\\Server\\AuthorizationValidators\\BearerTokenValidator->validateAuthorization(Object(Zend\\Diactoros\\ServerRequest))
#2 D:\\oa\\vendor\\laravel\\passport\\src\\Guards\\TokenGuard.php(184): League\\OAuth2\\Server\\ResourceServer->validateAuthenticatedRequest(Object(Zend\\Diactoros\\ServerRequest))
#3 D:\\oa\\vendor\\laravel\\passport\\src\\Guards\\TokenGuard.php(131): Laravel\\Passport\\Guards\\TokenGuard->getPsrRequestViaBearerToken(Object(Dingo\\Api\\Http\\Request))
#4 D:\\oa\\vendor\\laravel\\passport\\src\\Guards\\TokenGuard.php(94): Laravel\\Passport\\Guards\\TokenGuard->authenticateViaBearerToken(Object(Dingo\\Api\\Http\\Request))
#5 D:\\oa\\vendor\\laravel\\passport\\src\\PassportServiceProvider.php(277): Laravel\\Passport\\Guards\\TokenGuard->user(Object(Dingo\\Api\\Http\\Request))
#6 [internal function]: Laravel\\Passport\\PassportServiceProvider->Laravel\\Passport\\{closure}(Object(Dingo\\Api\\Http\\Request), NULL)
#7 D:\\oa\\vendor\\laravel\\framework\\src\\Illuminate\\Auth\\RequestGuard.php(58): call_user_func(Object(Closure), Object(Dingo\\Api\\Http\\Request), NULL)
#8 D:\\oa\\vendor\\laravel\\framework\\src\\Illuminate\\Auth\\GuardHelpers.php(60): Illuminate\\Auth\\RequestGuard->user()
#9 D:\\oa\\vendor\\laravel\\framework\\src\\Illuminate\\Auth\\Middleware\\Authenticate.php(62): Illuminate\\Auth\\RequestGuard->check()
#10 D:\\oa\\vendor\\laravel\\framework\\src\\Illuminate\\Auth\\Middleware\\Authenticate.php(41): Illuminate\\Auth\\Middleware\\Authenticate->authenticate(Object(Dingo\\Api\\Http\\Request), Array)
#11 D:\\oa\\vendor\\laravel\\framework\\src\\Illuminate\\Pipeline\\Pipeline.php(171): Illuminate\\Auth\\Middleware\\Authenticate->handle(Object(Dingo\\Api\\Http\\Request), Object(Closure), 'api')
#12 D:\\oa\\vendor\\dingo\\api\\src\\Http\\Middleware\\PrepareController.php(45): Illuminate\\Pipeline\\Pipeline->Illuminate\\Pipeline\\{closure}(Object(Dingo\\Api\\Http\\Request))
#13 D:\\oa\\vendor\\laravel\\framework\\src\\Illuminate\\Pipeline\\Pipeline.php(171): Dingo\\Api\\Http\\Middleware\\PrepareController->handle(Object(Dingo\\Api\\Http\\Request), Object(Closure))
#14 D:\\oa\\vendor\\laravel\\framework\\src\\Illuminate\\Pipeline\\Pipeline.php(105): Illuminate\\Pipeline\\Pipeline->Illuminate\\Pipeline\\{closure}(Object(Dingo\\Api\\Http\\Request))
#15 D:\\oa\\vendor\\laravel\\framework\\src\\Illuminate\\Routing\\Router.php(682): Illuminate\\Pipeline\\Pipeline->then(Object(Closure))
#16 D:\\oa\\vendor\\laravel\\framework\\src\\Illuminate\\Routing\\Router.php(657): Illuminate\\Routing\\Router->runRouteWithinStack(Object(Illuminate\\Routing\\Route), Object(Dingo\\Api\\Http\\Request))
#17 D:\\oa\\vendor\\laravel\\framework\\src\\Illuminate\\Routing\\Router.php(623): Illuminate\\Routing\\Router->runRoute(Object(Dingo\\Api\\Http\\Request), Object(Illuminate\\Routing\\Route))
#18 D:\\oa\\vendor\\laravel\\framework\\src\\Illuminate\\Routing\\Router.php(612): Illuminate\\Routing\\Router->dispatchToRoute(Object(Dingo\\Api\\Http\\Request))
#19 D:\\oa\\vendor\\dingo\\api\\src\\Routing\\Adapter\\Laravel.php(88): Illuminate\\Routing\\Router->dispatch(Object(Dingo\\Api\\Http\\Request))
#20 D:\\oa\\vendor\\dingo\\api\\src\\Routing\\Router.php(514): Dingo\\Api\\Routing\\Adapter\\Laravel->dispatch(Object(Dingo\\Api\\Http\\Request), 'v1')
#21 D:\\oa\\vendor\\dingo\\api\\src\\Http\\Middleware\\Request.php(126): Dingo\\Api\\Routing\\Router->dispatch(Object(Dingo\\Api\\Http\\Request))
#22 D:\\oa\\vendor\\laravel\\framework\\src\\Illuminate\\Pipeline\\Pipeline.php(130): Dingo\\Api\\Http\\Middleware\\Request->Dingo\\Api\\Http\\Middleware\\{closure}(Object(Dingo\\Api\\Http\\Request))
#23 D:\\oa\\vendor\\laravel\\framework\\src\\Illuminate\\Foundation\\Http\\Middleware\\TransformsRequest.php(21): Illuminate\\Pipeline\\Pipeline->Illuminate\\Pipeline\\{closure}(Object(Dingo\\Api\\Http\\Request))
#24 D:\\oa\\vendor\\laravel\\framework\\src\\Illuminate\\Pipeline\\Pipeline.php(171): Illuminate\\Foundation\\Http\\Middleware\\TransformsRequest->handle(Object(Dingo\\Api\\Http\\Request), Object(Closure))
#25 D:\\oa\\vendor\\laravel\\framework\\src\\Illuminate\\Foundation\\Http\\Middleware\\TransformsRequest.php(21): Illuminate\\Pipeline\\Pipeline->Illuminate\\Pipeline\\{closure}(Object(Dingo\\Api\\Http\\Request))
#26 D:\\oa\\vendor\\laravel\\framework\\src\\Illuminate\\Pipeline\\Pipeline.php(171): Illuminate\\Foundation\\Http\\Middleware\\TransformsRequest->handle(Object(Dingo\\Api\\Http\\Request), Object(Closure))
#27 D:\\oa\\vendor\\laravel\\framework\\src\\Illuminate\\Foundation\\Http\\Middleware\\ValidatePostSize.php(27): Illuminate\\Pipeline\\Pipeline->Illuminate\\Pipeline\\{closure}(Object(Dingo\\Api\\Http\\Request))
#28 D:\\oa\\vendor\\laravel\\framework\\src\\Illuminate\\Pipeline\\Pipeline.php(171): Illuminate\\Foundation\\Http\\Middleware\\ValidatePostSize->handle(Object(Dingo\\Api\\Http\\Request), Object(Closure))
#29 D:\\oa\\vendor\\laravel\\framework\\src\\Illuminate\\Foundation\\Http\\Middleware\\CheckForMaintenanceMode.php(62): Illuminate\\Pipeline\\Pipeline->Illuminate\\Pipeline\\{closure}(Object(Dingo\\Api\\Http\\Request))
#30 D:\\oa\\vendor\\laravel\\framework\\src\\Illuminate\\Pipeline\\Pipeline.php(171): Illuminate\\Foundation\\Http\\Middleware\\CheckForMaintenanceMode->handle(Object(Dingo\\Api\\Http\\Request), Object(Closure))
#31 D:\\oa\\vendor\\fideloper\\proxy\\src\\TrustProxies.php(57): Illuminate\\Pipeline\\Pipeline->Illuminate\\Pipeline\\{closure}(Object(Dingo\\Api\\Http\\Request))
#32 D:\\oa\\vendor\\laravel\\framework\\src\\Illuminate\\Pipeline\\Pipeline.php(171): Fideloper\\Proxy\\TrustProxies->handle(Object(Dingo\\Api\\Http\\Request), Object(Closure))
#33 D:\\oa\\vendor\\laravel\\framework\\src\\Illuminate\\Pipeline\\Pipeline.php(105): Illuminate\\Pipeline\\Pipeline->Illuminate\\Pipeline\\{closure}(Object(Dingo\\Api\\Http\\Request))
#34 D:\\oa\\vendor\\dingo\\api\\src\\Http\\Middleware\\Request.php(127): Illuminate\\Pipeline\\Pipeline->then(Object(Closure))
#35 D:\\oa\\vendor\\dingo\\api\\src\\Http\\Middleware\\Request.php(103): Dingo\\Api\\Http\\Middleware\\Request->sendRequestThroughRouter(Object(Dingo\\Api\\Http\\Request))
#36 D:\\oa\\vendor\\laravel\\framework\\src\\Illuminate\\Pipeline\\Pipeline.php(171): Dingo\\Api\\Http\\Middleware\\Request->handle(Object(Dingo\\Api\\Http\\Request), Object(Closure))
#37 D:\\oa\\vendor\\laravel\\framework\\src\\Illuminate\\Pipeline\\Pipeline.php(105): Illuminate\\Pipeline\\Pipeline->Illuminate\\Pipeline\\{closure}(Object(Illuminate\\Http\\Request))
#38 D:\\oa\\vendor\\laravel\\framework\\src\\Illuminate\\Foundation\\Http\\Kernel.php(151): Illuminate\\Pipeline\\Pipeline->then(Object(Closure))
#39 D:\\oa\\vendor\\laravel\\framework\\src\\Illuminate\\Foundation\\Http\\Kernel.php(116): Illuminate\\Foundation\\Http\\Kernel->sendRequestThroughRouter(Object(Illuminate\\Http\\Request))
#40 D:\\oa\\public\\index.php(56): Illuminate\\Foundation\\Http\\Kernel->handle(Object(Illuminate\\Http\\Request))
#41 {main}
"} 
[2019-12-27 15:10:55] local.ERROR: Too few arguments to function Illuminate\Database\Query\Builder::whereIn(), 1 passed in D:\oa\app\Models\Erp\ShopifyApi.php on line 442 and at least 2 expected {"exception":"[object] (Symfony\\Component\\Debug\\Exception\\FatalThrowableError(code: 0): Too few arguments to function Illuminate\\Database\\Query\\Builder::whereIn(), 1 passed in D:\\oa\\app\\Models\\Erp\\ShopifyApi.php on line 442 and at least 2 expected at D:\\oa\\vendor\\laravel\\framework\\src\\Illuminate\\Database\\Query\\Builder.php:880)
[stacktrace]
#0 D:\\oa\\app\\Models\\Erp\\ShopifyApi.php(442): Illuminate\\Database\\Query\\Builder->whereIn(Array)
#1 D:\\oa\\app\\Http\\Controllers\\Erp\\ShopifyController.php(65): App\\Models\\Erp\\ShopifyApi->pullOrderData()
#2 [internal function]: App\\Http\\Controllers\\Erp\\ShopifyController->pullProductsData(Object(Dingo\\Api\\Http\\Request))
#3 D:\\oa\\vendor\\laravel\\framework\\src\\Illuminate\\Routing\\Controller.php(54): call_user_func_array(Array, Array)
#4 D:\\oa\\vendor\\laravel\\framework\\src\\Illuminate\\Routing\\ControllerDispatcher.php(45): Illuminate\\Routing\\Controller->callAction('pullProductsDat...', Array)
#5 D:\\oa\\vendor\\laravel\\framework\\src\\Illuminate\\Routing\\Route.php(219): Illuminate\\Routing\\ControllerDispatcher->dispatch(Object(Illuminate\\Routing\\Route), Object(App\\Http\\Controllers\\Erp\\ShopifyController), 'pullProductsDat...')
#6 D:\\oa\\vendor\\laravel\\framework\\src\\Illuminate\\Routing\\Route.php(176): Illuminate\\Routing\\Route->runController()
#7 D:\\oa\\vendor\\laravel\\framework\\src\\Illuminate\\Routing\\Router.php(680): Illuminate\\Routing\\Route->run()
#8 D:\\oa\\vendor\\laravel\\framework\\src\\Illuminate\\Pipeline\\Pipeline.php(130): Illuminate\\Routing\\Router->Illuminate\\Routing\\{closure}(Object(Dingo\\Api\\Http\\Request))
#9 D:\\oa\\vendor\\dingo\\api\\src\\Http\\Middleware\\PrepareController.php(45): Illuminate\\Pipeline\\Pipeline->Illuminate\\Pipeline\\{closure}(Object(Dingo\\Api\\Http\\Request))
#10 D:\\oa\\vendor\\laravel\\framework\\src\\Illuminate\\Pipeline\\Pipeline.php(171): Dingo\\Api\\Http\\Middleware\\PrepareController->handle(Object(Dingo\\Api\\Http\\Request), Object(Closure))
#11 D:\\oa\\vendor\\laravel\\framework\\src\\Illuminate\\Pipeline\\Pipeline.php(105): Illuminate\\Pipeline\\Pipeline->Illuminate\\Pipeline\\{closure}(Object(Dingo\\Api\\Http\\Request))
#12 D:\\oa\\vendor\\laravel\\framework\\src\\Illuminate\\Routing\\Router.php(682): Illuminate\\Pipeline\\Pipeline->then(Object(Closure))
#13 D:\\oa\\vendor\\laravel\\framework\\src\\Illuminate\\Routing\\Router.php(657): Illuminate\\Routing\\Router->runRouteWithinStack(Object(Illuminate\\Routing\\Route), Object(Dingo\\Api\\Http\\Request))
#14 D:\\oa\\vendor\\laravel\\framework\\src\\Illuminate\\Routing\\Router.php(623): Illuminate\\Routing\\Router->runRoute(Object(Dingo\\Api\\Http\\Request), Object(Illuminate\\Routing\\Route))
#15 D:\\oa\\vendor\\laravel\\framework\\src\\Illuminate\\Routing\\Router.php(612): Illuminate\\Routing\\Router->dispatchToRoute(Object(Dingo\\Api\\Http\\Request))
#16 D:\\oa\\vendor\\dingo\\api\\src\\Routing\\Adapter\\Laravel.php(88): Illuminate\\Routing\\Router->dispatch(Object(Dingo\\Api\\Http\\Request))
#17 D:\\oa\\vendor\\dingo\\api\\src\\Routing\\Router.php(514): Dingo\\Api\\Routing\\Adapter\\Laravel->dispatch(Object(Dingo\\Api\\Http\\Request), 'v1')
#18 D:\\oa\\vendor\\dingo\\api\\src\\Http\\Middleware\\Request.php(126): Dingo\\Api\\Routing\\Router->dispatch(Object(Dingo\\Api\\Http\\Request))
#19 D:\\oa\\vendor\\laravel\\framework\\src\\Illuminate\\Pipeline\\Pipeline.php(130): Dingo\\Api\\Http\\Middleware\\Request->Dingo\\Api\\Http\\Middleware\\{closure}(Object(Dingo\\Api\\Http\\Request))
#20 D:\\oa\\vendor\\laravel\\framework\\src\\Illuminate\\Foundation\\Http\\Middleware\\TransformsRequest.php(21): Illuminate\\Pipeline\\Pipeline->Illuminate\\Pipeline\\{closure}(Object(Dingo\\Api\\Http\\Request))
#21 D:\\oa\\vendor\\laravel\\framework\\src\\Illuminate\\Pipeline\\Pipeline.php(171): Illuminate\\Foundation\\Http\\Middleware\\TransformsRequest->handle(Object(Dingo\\Api\\Http\\Request), Object(Closure))
#22 D:\\oa\\vendor\\laravel\\framework\\src\\Illuminate\\Foundation\\Http\\Middleware\\TransformsRequest.php(21): Illuminate\\Pipeline\\Pipeline->Illuminate\\Pipeline\\{closure}(Object(Dingo\\Api\\Http\\Request))
#23 D:\\oa\\vendor\\laravel\\framework\\src\\Illuminate\\Pipeline\\Pipeline.php(171): Illuminate\\Foundation\\Http\\Middleware\\TransformsRequest->handle(Object(Dingo\\Api\\Http\\Request), Object(Closure))
#24 D:\\oa\\vendor\\laravel\\framework\\src\\Illuminate\\Foundation\\Http\\Middleware\\ValidatePostSize.php(27): Illuminate\\Pipeline\\Pipeline->Illuminate\\Pipeline\\{closure}(Object(Dingo\\Api\\Http\\Request))
#25 D:\\oa\\vendor\\laravel\\framework\\src\\Illuminate\\Pipeline\\Pipeline.php(171): Illuminate\\Foundation\\Http\\Middleware\\ValidatePostSize->handle(Object(Dingo\\Api\\Http\\Request), Object(Closure))
#26 D:\\oa\\vendor\\laravel\\framework\\src\\Illuminate\\Foundation\\Http\\Middleware\\CheckForMaintenanceMode.php(62): Illuminate\\Pipeline\\Pipeline->Illuminate\\Pipeline\\{closure}(Object(Dingo\\Api\\Http\\Request))
#27 D:\\oa\\vendor\\laravel\\framework\\src\\Illuminate\\Pipeline\\Pipeline.php(171): Illuminate\\Foundation\\Http\\Middleware\\CheckForMaintenanceMode->handle(Object(Dingo\\Api\\Http\\Request), Object(Closure))
#28 D:\\oa\\vendor\\fideloper\\proxy\\src\\TrustProxies.php(57): Illuminate\\Pipeline\\Pipeline->Illuminate\\Pipeline\\{closure}(Object(Dingo\\Api\\Http\\Request))
#29 D:\\oa\\vendor\\laravel\\framework\\src\\Illuminate\\Pipeline\\Pipeline.php(171): Fideloper\\Proxy\\TrustProxies->handle(Object(Dingo\\Api\\Http\\Request), Object(Closure))
#30 D:\\oa\\vendor\\laravel\\framework\\src\\Illuminate\\Pipeline\\Pipeline.php(105): Illuminate\\Pipeline\\Pipeline->Illuminate\\Pipeline\\{closure}(Object(Dingo\\Api\\Http\\Request))
#31 D:\\oa\\vendor\\dingo\\api\\src\\Http\\Middleware\\Request.php(127): Illuminate\\Pipeline\\Pipeline->then(Object(Closure))
#32 D:\\oa\\vendor\\dingo\\api\\src\\Http\\Middleware\\Request.php(103): Dingo\\Api\\Http\\Middleware\\Request->sendRequestThroughRouter(Object(Dingo\\Api\\Http\\Request))
#33 D:\\oa\\vendor\\laravel\\framework\\src\\Illuminate\\Pipeline\\Pipeline.php(171): Dingo\\Api\\Http\\Middleware\\Request->handle(Object(Dingo\\Api\\Http\\Request), Object(Closure))
#34 D:\\oa\\vendor\\laravel\\framework\\src\\Illuminate\\Pipeline\\Pipeline.php(105): Illuminate\\Pipeline\\Pipeline->Illuminate\\Pipeline\\{closure}(Object(Illuminate\\Http\\Request))
#35 D:\\oa\\vendor\\laravel\\framework\\src\\Illuminate\\Foundation\\Http\\Kernel.php(151): Illuminate\\Pipeline\\Pipeline->then(Object(Closure))
#36 D:\\oa\\vendor\\laravel\\framework\\src\\Illuminate\\Foundation\\Http\\Kernel.php(116): Illuminate\\Foundation\\Http\\Kernel->sendRequestThroughRouter(Object(Illuminate\\Http\\Request))
#37 D:\\oa\\public\\index.php(56): Illuminate\\Foundation\\Http\\Kernel->handle(Object(Illuminate\\Http\\Request))
#38 {main}
"} 
[2019-12-27 15:16:15] local.ERROR: Too few arguments to function Illuminate\Database\Query\Builder::whereIn(), 1 passed in D:\oa\app\Models\Erp\ShopifyApi.php on line 439 and at least 2 expected {"exception":"[object] (Symfony\\Component\\Debug\\Exception\\FatalThrowableError(code: 0): Too few arguments to function Illuminate\\Database\\Query\\Builder::whereIn(), 1 passed in D:\\oa\\app\\Models\\Erp\\ShopifyApi.php on line 439 and at least 2 expected at D:\\oa\\vendor\\laravel\\framework\\src\\Illuminate\\Database\\Query\\Builder.php:880)
[stacktrace]
#0 D:\\oa\\app\\Models\\Erp\\ShopifyApi.php(439): Illuminate\\Database\\Query\\Builder->whereIn(Array)
#1 D:\\oa\\app\\Http\\Controllers\\Erp\\ShopifyController.php(65): App\\Models\\Erp\\ShopifyApi->pullOrderData()
#2 [internal function]: App\\Http\\Controllers\\Erp\\ShopifyController->pullProductsData(Object(Dingo\\Api\\Http\\Request))
#3 D:\\oa\\vendor\\laravel\\framework\\src\\Illuminate\\Routing\\Controller.php(54): call_user_func_array(Array, Array)
#4 D:\\oa\\vendor\\laravel\\framework\\src\\Illuminate\\Routing\\ControllerDispatcher.php(45): Illuminate\\Routing\\Controller->callAction('pullProductsDat...', Array)
#5 D:\\oa\\vendor\\laravel\\framework\\src\\Illuminate\\Routing\\Route.php(219): Illuminate\\Routing\\ControllerDispatcher->dispatch(Object(Illuminate\\Routing\\Route), Object(App\\Http\\Controllers\\Erp\\ShopifyController), 'pullProductsDat...')
#6 D:\\oa\\vendor\\laravel\\framework\\src\\Illuminate\\Routing\\Route.php(176): Illuminate\\Routing\\Route->runController()
#7 D:\\oa\\vendor\\laravel\\framework\\src\\Illuminate\\Routing\\Router.php(680): Illuminate\\Routing\\Route->run()
#8 D:\\oa\\vendor\\laravel\\framework\\src\\Illuminate\\Pipeline\\Pipeline.php(130): Illuminate\\Routing\\Router->Illuminate\\Routing\\{closure}(Object(Dingo\\Api\\Http\\Request))
#9 D:\\oa\\vendor\\dingo\\api\\src\\Http\\Middleware\\PrepareController.php(45): Illuminate\\Pipeline\\Pipeline->Illuminate\\Pipeline\\{closure}(Object(Dingo\\Api\\Http\\Request))
#10 D:\\oa\\vendor\\laravel\\framework\\src\\Illuminate\\Pipeline\\Pipeline.php(171): Dingo\\Api\\Http\\Middleware\\PrepareController->handle(Object(Dingo\\Api\\Http\\Request), Object(Closure))
#11 D:\\oa\\vendor\\laravel\\framework\\src\\Illuminate\\Pipeline\\Pipeline.php(105): Illuminate\\Pipeline\\Pipeline->Illuminate\\Pipeline\\{closure}(Object(Dingo\\Api\\Http\\Request))
#12 D:\\oa\\vendor\\laravel\\framework\\src\\Illuminate\\Routing\\Router.php(682): Illuminate\\Pipeline\\Pipeline->then(Object(Closure))
#13 D:\\oa\\vendor\\laravel\\framework\\src\\Illuminate\\Routing\\Router.php(657): Illuminate\\Routing\\Router->runRouteWithinStack(Object(Illuminate\\Routing\\Route), Object(Dingo\\Api\\Http\\Request))
#14 D:\\oa\\vendor\\laravel\\framework\\src\\Illuminate\\Routing\\Router.php(623): Illuminate\\Routing\\Router->runRoute(Object(Dingo\\Api\\Http\\Request), Object(Illuminate\\Routing\\Route))
#15 D:\\oa\\vendor\\laravel\\framework\\src\\Illuminate\\Routing\\Router.php(612): Illuminate\\Routing\\Router->dispatchToRoute(Object(Dingo\\Api\\Http\\Request))
#16 D:\\oa\\vendor\\dingo\\api\\src\\Routing\\Adapter\\Laravel.php(88): Illuminate\\Routing\\Router->dispatch(Object(Dingo\\Api\\Http\\Request))
#17 D:\\oa\\vendor\\dingo\\api\\src\\Routing\\Router.php(514): Dingo\\Api\\Routing\\Adapter\\Laravel->dispatch(Object(Dingo\\Api\\Http\\Request), 'v1')
#18 D:\\oa\\vendor\\dingo\\api\\src\\Http\\Middleware\\Request.php(126): Dingo\\Api\\Routing\\Router->dispatch(Object(Dingo\\Api\\Http\\Request))
#19 D:\\oa\\vendor\\laravel\\framework\\src\\Illuminate\\Pipeline\\Pipeline.php(130): Dingo\\Api\\Http\\Middleware\\Request->Dingo\\Api\\Http\\Middleware\\{closure}(Object(Dingo\\Api\\Http\\Request))
#20 D:\\oa\\vendor\\laravel\\framework\\src\\Illuminate\\Foundation\\Http\\Middleware\\TransformsRequest.php(21): Illuminate\\Pipeline\\Pipeline->Illuminate\\Pipeline\\{closure}(Object(Dingo\\Api\\Http\\Request))
#21 D:\\oa\\vendor\\laravel\\framework\\src\\Illuminate\\Pipeline\\Pipeline.php(171): Illuminate\\Foundation\\Http\\Middleware\\TransformsRequest->handle(Object(Dingo\\Api\\Http\\Request), Object(Closure))
#22 D:\\oa\\vendor\\laravel\\framework\\src\\Illuminate\\Foundation\\Http\\Middleware\\TransformsRequest.php(21): Illuminate\\Pipeline\\Pipeline->Illuminate\\Pipeline\\{closure}(Object(Dingo\\Api\\Http\\Request))
#23 D:\\oa\\vendor\\laravel\\framework\\src\\Illuminate\\Pipeline\\Pipeline.php(171): Illuminate\\Foundation\\Http\\Middleware\\TransformsRequest->handle(Object(Dingo\\Api\\Http\\Request), Object(Closure))
#24 D:\\oa\\vendor\\laravel\\framework\\src\\Illuminate\\Foundation\\Http\\Middleware\\ValidatePostSize.php(27): Illuminate\\Pipeline\\Pipeline->Illuminate\\Pipeline\\{closure}(Object(Dingo\\Api\\Http\\Request))
#25 D:\\oa\\vendor\\laravel\\framework\\src\\Illuminate\\Pipeline\\Pipeline.php(171): Illuminate\\Foundation\\Http\\Middleware\\ValidatePostSize->handle(Object(Dingo\\Api\\Http\\Request), Object(Closure))
#26 D:\\oa\\vendor\\laravel\\framework\\src\\Illuminate\\Foundation\\Http\\Middleware\\CheckForMaintenanceMode.php(62): Illuminate\\Pipeline\\Pipeline->Illuminate\\Pipeline\\{closure}(Object(Dingo\\Api\\Http\\Request))
#27 D:\\oa\\vendor\\laravel\\framework\\src\\Illuminate\\Pipeline\\Pipeline.php(171): Illuminate\\Foundation\\Http\\Middleware\\CheckForMaintenanceMode->handle(Object(Dingo\\Api\\Http\\Request), Object(Closure))
#28 D:\\oa\\vendor\\fideloper\\proxy\\src\\TrustProxies.php(57): Illuminate\\Pipeline\\Pipeline->Illuminate\\Pipeline\\{closure}(Object(Dingo\\Api\\Http\\Request))
#29 D:\\oa\\vendor\\laravel\\framework\\src\\Illuminate\\Pipeline\\Pipeline.php(171): Fideloper\\Proxy\\TrustProxies->handle(Object(Dingo\\Api\\Http\\Request), Object(Closure))
#30 D:\\oa\\vendor\\laravel\\framework\\src\\Illuminate\\Pipeline\\Pipeline.php(105): Illuminate\\Pipeline\\Pipeline->Illuminate\\Pipeline\\{closure}(Object(Dingo\\Api\\Http\\Request))
#31 D:\\oa\\vendor\\dingo\\api\\src\\Http\\Middleware\\Request.php(127): Illuminate\\Pipeline\\Pipeline->then(Object(Closure))
#32 D:\\oa\\vendor\\dingo\\api\\src\\Http\\Middleware\\Request.php(103): Dingo\\Api\\Http\\Middleware\\Request->sendRequestThroughRouter(Object(Dingo\\Api\\Http\\Request))
#33 D:\\oa\\vendor\\laravel\\framework\\src\\Illuminate\\Pipeline\\Pipeline.php(171): Dingo\\Api\\Http\\Middleware\\Request->handle(Object(Dingo\\Api\\Http\\Request), Object(Closure))
#34 D:\\oa\\vendor\\laravel\\framework\\src\\Illuminate\\Pipeline\\Pipeline.php(105): Illuminate\\Pipeline\\Pipeline->Illuminate\\Pipeline\\{closure}(Object(Illuminate\\Http\\Request))
#35 D:\\oa\\vendor\\laravel\\framework\\src\\Illuminate\\Foundation\\Http\\Kernel.php(151): Illuminate\\Pipeline\\Pipeline->then(Object(Closure))
#36 D:\\oa\\vendor\\laravel\\framework\\src\\Illuminate\\Foundation\\Http\\Kernel.php(116): Illuminate\\Foundation\\Http\\Kernel->sendRequestThroughRouter(Object(Illuminate\\Http\\Request))
#37 D:\\oa\\public\\index.php(56): Illuminate\\Foundation\\Http\\Kernel->handle(Object(Illuminate\\Http\\Request))
#38 {main}
"} 
[2019-12-27 15:18:48] local.ERROR: Too few arguments to function Illuminate\Database\Query\Builder::whereIn(), 1 passed in D:\oa\app\Models\Erp\ShopifyApi.php on line 440 and at least 2 expected {"exception":"[object] (Symfony\\Component\\Debug\\Exception\\FatalThrowableError(code: 0): Too few arguments to function Illuminate\\Database\\Query\\Builder::whereIn(), 1 passed in D:\\oa\\app\\Models\\Erp\\ShopifyApi.php on line 440 and at least 2 expected at D:\\oa\\vendor\\laravel\\framework\\src\\Illuminate\\Database\\Query\\Builder.php:880)
[stacktrace]
#0 D:\\oa\\app\\Models\\Erp\\ShopifyApi.php(440): Illuminate\\Database\\Query\\Builder->whereIn(Array)
#1 D:\\oa\\app\\Http\\Controllers\\Erp\\ShopifyController.php(65): App\\Models\\Erp\\ShopifyApi->pullOrderData()
#2 [internal function]: App\\Http\\Controllers\\Erp\\ShopifyController->pullProductsData(Object(Dingo\\Api\\Http\\Request))
#3 D:\\oa\\vendor\\laravel\\framework\\src\\Illuminate\\Routing\\Controller.php(54): call_user_func_array(Array, Array)
#4 D:\\oa\\vendor\\laravel\\framework\\src\\Illuminate\\Routing\\ControllerDispatcher.php(45): Illuminate\\Routing\\Controller->callAction('pullProductsDat...', Array)
#5 D:\\oa\\vendor\\laravel\\framework\\src\\Illuminate\\Routing\\Route.php(219): Illuminate\\Routing\\ControllerDispatcher->dispatch(Object(Illuminate\\Routing\\Route), Object(App\\Http\\Controllers\\Erp\\ShopifyController), 'pullProductsDat...')
#6 D:\\oa\\vendor\\laravel\\framework\\src\\Illuminate\\Routing\\Route.php(176): Illuminate\\Routing\\Route->runController()
#7 D:\\oa\\vendor\\laravel\\framework\\src\\Illuminate\\Routing\\Router.php(680): Illuminate\\Routing\\Route->run()
#8 D:\\oa\\vendor\\laravel\\framework\\src\\Illuminate\\Pipeline\\Pipeline.php(130): Illuminate\\Routing\\Router->Illuminate\\Routing\\{closure}(Object(Dingo\\Api\\Http\\Request))
#9 D:\\oa\\vendor\\dingo\\api\\src\\Http\\Middleware\\PrepareController.php(45): Illuminate\\Pipeline\\Pipeline->Illuminate\\Pipeline\\{closure}(Object(Dingo\\Api\\Http\\Request))
#10 D:\\oa\\vendor\\laravel\\framework\\src\\Illuminate\\Pipeline\\Pipeline.php(171): Dingo\\Api\\Http\\Middleware\\PrepareController->handle(Object(Dingo\\Api\\Http\\Request), Object(Closure))
#11 D:\\oa\\vendor\\laravel\\framework\\src\\Illuminate\\Pipeline\\Pipeline.php(105): Illuminate\\Pipeline\\Pipeline->Illuminate\\Pipeline\\{closure}(Object(Dingo\\Api\\Http\\Request))
#12 D:\\oa\\vendor\\laravel\\framework\\src\\Illuminate\\Routing\\Router.php(682): Illuminate\\Pipeline\\Pipeline->then(Object(Closure))
#13 D:\\oa\\vendor\\laravel\\framework\\src\\Illuminate\\Routing\\Router.php(657): Illuminate\\Routing\\Router->runRouteWithinStack(Object(Illuminate\\Routing\\Route), Object(Dingo\\Api\\Http\\Request))
#14 D:\\oa\\vendor\\laravel\\framework\\src\\Illuminate\\Routing\\Router.php(623): Illuminate\\Routing\\Router->runRoute(Object(Dingo\\Api\\Http\\Request), Object(Illuminate\\Routing\\Route))
#15 D:\\oa\\vendor\\laravel\\framework\\src\\Illuminate\\Routing\\Router.php(612): Illuminate\\Routing\\Router->dispatchToRoute(Object(Dingo\\Api\\Http\\Request))
#16 D:\\oa\\vendor\\dingo\\api\\src\\Routing\\Adapter\\Laravel.php(88): Illuminate\\Routing\\Router->dispatch(Object(Dingo\\Api\\Http\\Request))
#17 D:\\oa\\vendor\\dingo\\api\\src\\Routing\\Router.php(514): Dingo\\Api\\Routing\\Adapter\\Laravel->dispatch(Object(Dingo\\Api\\Http\\Request), 'v1')
#18 D:\\oa\\vendor\\dingo\\api\\src\\Http\\Middleware\\Request.php(126): Dingo\\Api\\Routing\\Router->dispatch(Object(Dingo\\Api\\Http\\Request))
#19 D:\\oa\\vendor\\laravel\\framework\\src\\Illuminate\\Pipeline\\Pipeline.php(130): Dingo\\Api\\Http\\Middleware\\Request->Dingo\\Api\\Http\\Middleware\\{closure}(Object(Dingo\\Api\\Http\\Request))
#20 D:\\oa\\vendor\\laravel\\framework\\src\\Illuminate\\Foundation\\Http\\Middleware\\TransformsRequest.php(21): Illuminate\\Pipeline\\Pipeline->Illuminate\\Pipeline\\{closure}(Object(Dingo\\Api\\Http\\Request))
#21 D:\\oa\\vendor\\laravel\\framework\\src\\Illuminate\\Pipeline\\Pipeline.php(171): Illuminate\\Foundation\\Http\\Middleware\\TransformsRequest->handle(Object(Dingo\\Api\\Http\\Request), Object(Closure))
#22 D:\\oa\\vendor\\laravel\\framework\\src\\Illuminate\\Foundation\\Http\\Middleware\\TransformsRequest.php(21): Illuminate\\Pipeline\\Pipeline->Illuminate\\Pipeline\\{closure}(Object(Dingo\\Api\\Http\\Request))
#23 D:\\oa\\vendor\\laravel\\framework\\src\\Illuminate\\Pipeline\\Pipeline.php(171): Illuminate\\Foundation\\Http\\Middleware\\TransformsRequest->handle(Object(Dingo\\Api\\Http\\Request), Object(Closure))
#24 D:\\oa\\vendor\\laravel\\framework\\src\\Illuminate\\Foundation\\Http\\Middleware\\ValidatePostSize.php(27): Illuminate\\Pipeline\\Pipeline->Illuminate\\Pipeline\\{closure}(Object(Dingo\\Api\\Http\\Request))
#25 D:\\oa\\vendor\\laravel\\framework\\src\\Illuminate\\Pipeline\\Pipeline.php(171): Illuminate\\Foundation\\Http\\Middleware\\ValidatePostSize->handle(Object(Dingo\\Api\\Http\\Request), Object(Closure))
#26 D:\\oa\\vendor\\laravel\\framework\\src\\Illuminate\\Foundation\\Http\\Middleware\\CheckForMaintenanceMode.php(62): Illuminate\\Pipeline\\Pipeline->Illuminate\\Pipeline\\{closure}(Object(Dingo\\Api\\Http\\Request))
#27 D:\\oa\\vendor\\laravel\\framework\\src\\Illuminate\\Pipeline\\Pipeline.php(171): Illuminate\\Foundation\\Http\\Middleware\\CheckForMaintenanceMode->handle(Object(Dingo\\Api\\Http\\Request), Object(Closure))
#28 D:\\oa\\vendor\\fideloper\\proxy\\src\\TrustProxies.php(57): Illuminate\\Pipeline\\Pipeline->Illuminate\\Pipeline\\{closure}(Object(Dingo\\Api\\Http\\Request))
#29 D:\\oa\\vendor\\laravel\\framework\\src\\Illuminate\\Pipeline\\Pipeline.php(171): Fideloper\\Proxy\\TrustProxies->handle(Object(Dingo\\Api\\Http\\Request), Object(Closure))
#30 D:\\oa\\vendor\\laravel\\framework\\src\\Illuminate\\Pipeline\\Pipeline.php(105): Illuminate\\Pipeline\\Pipeline->Illuminate\\Pipeline\\{closure}(Object(Dingo\\Api\\Http\\Request))
#31 D:\\oa\\vendor\\dingo\\api\\src\\Http\\Middleware\\Request.php(127): Illuminate\\Pipeline\\Pipeline->then(Object(Closure))
#32 D:\\oa\\vendor\\dingo\\api\\src\\Http\\Middleware\\Request.php(103): Dingo\\Api\\Http\\Middleware\\Request->sendRequestThroughRouter(Object(Dingo\\Api\\Http\\Request))
#33 D:\\oa\\vendor\\laravel\\framework\\src\\Illuminate\\Pipeline\\Pipeline.php(171): Dingo\\Api\\Http\\Middleware\\Request->handle(Object(Dingo\\Api\\Http\\Request), Object(Closure))
#34 D:\\oa\\vendor\\laravel\\framework\\src\\Illuminate\\Pipeline\\Pipeline.php(105): Illuminate\\Pipeline\\Pipeline->Illuminate\\Pipeline\\{closure}(Object(Illuminate\\Http\\Request))
#35 D:\\oa\\vendor\\laravel\\framework\\src\\Illuminate\\Foundation\\Http\\Kernel.php(151): Illuminate\\Pipeline\\Pipeline->then(Object(Closure))
#36 D:\\oa\\vendor\\laravel\\framework\\src\\Illuminate\\Foundation\\Http\\Kernel.php(116): Illuminate\\Foundation\\Http\\Kernel->sendRequestThroughRouter(Object(Illuminate\\Http\\Request))
#37 D:\\oa\\public\\index.php(56): Illuminate\\Foundation\\Http\\Kernel->handle(Object(Illuminate\\Http\\Request))
#38 {main}
"} 
[2019-12-27 16:51:16] local.ERROR: Undefined index: data {"exception":"[object] (ErrorException(code: 0): Undefined index: data at D:\\oa\\app\\Http\\Controllers\\V1\\ErpController.php:123)
[stacktrace]
#0 D:\\oa\\app\\Http\\Controllers\\V1\\ErpController.php(123): Illuminate\\Foundation\\Bootstrap\\HandleExceptions->handleError(8, 'Undefined index...', 'D:\\\\oa\\\\app\\\\Http\\\\...', 123, Array)
#1 [internal function]: App\\Http\\Controllers\\V1\\ErpController->pullEorders(Object(Dingo\\Api\\Http\\Request))
#2 D:\\oa\\vendor\\laravel\\framework\\src\\Illuminate\\Routing\\Controller.php(54): call_user_func_array(Array, Array)
#3 D:\\oa\\vendor\\laravel\\framework\\src\\Illuminate\\Routing\\ControllerDispatcher.php(45): Illuminate\\Routing\\Controller->callAction('pullEorders', Array)
#4 D:\\oa\\vendor\\laravel\\framework\\src\\Illuminate\\Routing\\Route.php(219): Illuminate\\Routing\\ControllerDispatcher->dispatch(Object(Illuminate\\Routing\\Route), Object(App\\Http\\Controllers\\V1\\ErpController), 'pullEorders')
#5 D:\\oa\\vendor\\laravel\\framework\\src\\Illuminate\\Routing\\Route.php(176): Illuminate\\Routing\\Route->runController()
#6 D:\\oa\\vendor\\laravel\\framework\\src\\Illuminate\\Routing\\Router.php(680): Illuminate\\Routing\\Route->run()
#7 D:\\oa\\vendor\\laravel\\framework\\src\\Illuminate\\Pipeline\\Pipeline.php(130): Illuminate\\Routing\\Router->Illuminate\\Routing\\{closure}(Object(Dingo\\Api\\Http\\Request))
#8 D:\\oa\\vendor\\dingo\\api\\src\\Http\\Middleware\\PrepareController.php(45): Illuminate\\Pipeline\\Pipeline->Illuminate\\Pipeline\\{closure}(Object(Dingo\\Api\\Http\\Request))
#9 D:\\oa\\vendor\\laravel\\framework\\src\\Illuminate\\Pipeline\\Pipeline.php(171): Dingo\\Api\\Http\\Middleware\\PrepareController->handle(Object(Dingo\\Api\\Http\\Request), Object(Closure))
#10 D:\\oa\\vendor\\laravel\\framework\\src\\Illuminate\\Pipeline\\Pipeline.php(105): Illuminate\\Pipeline\\Pipeline->Illuminate\\Pipeline\\{closure}(Object(Dingo\\Api\\Http\\Request))
#11 D:\\oa\\vendor\\laravel\\framework\\src\\Illuminate\\Routing\\Router.php(682): Illuminate\\Pipeline\\Pipeline->then(Object(Closure))
#12 D:\\oa\\vendor\\laravel\\framework\\src\\Illuminate\\Routing\\Router.php(657): Illuminate\\Routing\\Router->runRouteWithinStack(Object(Illuminate\\Routing\\Route), Object(Dingo\\Api\\Http\\Request))
#13 D:\\oa\\vendor\\laravel\\framework\\src\\Illuminate\\Routing\\Router.php(623): Illuminate\\Routing\\Router->runRoute(Object(Dingo\\Api\\Http\\Request), Object(Illuminate\\Routing\\Route))
#14 D:\\oa\\vendor\\laravel\\framework\\src\\Illuminate\\Routing\\Router.php(612): Illuminate\\Routing\\Router->dispatchToRoute(Object(Dingo\\Api\\Http\\Request))
#15 D:\\oa\\vendor\\dingo\\api\\src\\Routing\\Adapter\\Laravel.php(88): Illuminate\\Routing\\Router->dispatch(Object(Dingo\\Api\\Http\\Request))
#16 D:\\oa\\vendor\\dingo\\api\\src\\Routing\\Router.php(514): Dingo\\Api\\Routing\\Adapter\\Laravel->dispatch(Object(Dingo\\Api\\Http\\Request), 'v1')
#17 D:\\oa\\vendor\\dingo\\api\\src\\Http\\Middleware\\Request.php(126): Dingo\\Api\\Routing\\Router->dispatch(Object(Dingo\\Api\\Http\\Request))
#18 D:\\oa\\vendor\\laravel\\framework\\src\\Illuminate\\Pipeline\\Pipeline.php(130): Dingo\\Api\\Http\\Middleware\\Request->Dingo\\Api\\Http\\Middleware\\{closure}(Object(Dingo\\Api\\Http\\Request))
#19 D:\\oa\\vendor\\laravel\\framework\\src\\Illuminate\\Foundation\\Http\\Middleware\\TransformsRequest.php(21): Illuminate\\Pipeline\\Pipeline->Illuminate\\Pipeline\\{closure}(Object(Dingo\\Api\\Http\\Request))
#20 D:\\oa\\vendor\\laravel\\framework\\src\\Illuminate\\Pipeline\\Pipeline.php(171): Illuminate\\Foundation\\Http\\Middleware\\TransformsRequest->handle(Object(Dingo\\Api\\Http\\Request), Object(Closure))
#21 D:\\oa\\vendor\\laravel\\framework\\src\\Illuminate\\Foundation\\Http\\Middleware\\TransformsRequest.php(21): Illuminate\\Pipeline\\Pipeline->Illuminate\\Pipeline\\{closure}(Object(Dingo\\Api\\Http\\Request))
#22 D:\\oa\\vendor\\laravel\\framework\\src\\Illuminate\\Pipeline\\Pipeline.php(171): Illuminate\\Foundation\\Http\\Middleware\\TransformsRequest->handle(Object(Dingo\\Api\\Http\\Request), Object(Closure))
#23 D:\\oa\\vendor\\laravel\\framework\\src\\Illuminate\\Foundation\\Http\\Middleware\\ValidatePostSize.php(27): Illuminate\\Pipeline\\Pipeline->Illuminate\\Pipeline\\{closure}(Object(Dingo\\Api\\Http\\Request))
#24 D:\\oa\\vendor\\laravel\\framework\\src\\Illuminate\\Pipeline\\Pipeline.php(171): Illuminate\\Foundation\\Http\\Middleware\\ValidatePostSize->handle(Object(Dingo\\Api\\Http\\Request), Object(Closure))
#25 D:\\oa\\vendor\\laravel\\framework\\src\\Illuminate\\Foundation\\Http\\Middleware\\CheckForMaintenanceMode.php(62): Illuminate\\Pipeline\\Pipeline->Illuminate\\Pipeline\\{closure}(Object(Dingo\\Api\\Http\\Request))
#26 D:\\oa\\vendor\\laravel\\framework\\src\\Illuminate\\Pipeline\\Pipeline.php(171): Illuminate\\Foundation\\Http\\Middleware\\CheckForMaintenanceMode->handle(Object(Dingo\\Api\\Http\\Request), Object(Closure))
#27 D:\\oa\\vendor\\fideloper\\proxy\\src\\TrustProxies.php(57): Illuminate\\Pipeline\\Pipeline->Illuminate\\Pipeline\\{closure}(Object(Dingo\\Api\\Http\\Request))
#28 D:\\oa\\vendor\\laravel\\framework\\src\\Illuminate\\Pipeline\\Pipeline.php(171): Fideloper\\Proxy\\TrustProxies->handle(Object(Dingo\\Api\\Http\\Request), Object(Closure))
#29 D:\\oa\\vendor\\laravel\\framework\\src\\Illuminate\\Pipeline\\Pipeline.php(105): Illuminate\\Pipeline\\Pipeline->Illuminate\\Pipeline\\{closure}(Object(Dingo\\Api\\Http\\Request))
#30 D:\\oa\\vendor\\dingo\\api\\src\\Http\\Middleware\\Request.php(127): Illuminate\\Pipeline\\Pipeline->then(Object(Closure))
#31 D:\\oa\\vendor\\dingo\\api\\src\\Http\\Middleware\\Request.php(103): Dingo\\Api\\Http\\Middleware\\Request->sendRequestThroughRouter(Object(Dingo\\Api\\Http\\Request))
#32 D:\\oa\\vendor\\laravel\\framework\\src\\Illuminate\\Pipeline\\Pipeline.php(171): Dingo\\Api\\Http\\Middleware\\Request->handle(Object(Dingo\\Api\\Http\\Request), Object(Closure))
#33 D:\\oa\\vendor\\laravel\\framework\\src\\Illuminate\\Pipeline\\Pipeline.php(105): Illuminate\\Pipeline\\Pipeline->Illuminate\\Pipeline\\{closure}(Object(Illuminate\\Http\\Request))
#34 D:\\oa\\vendor\\laravel\\framework\\src\\Illuminate\\Foundation\\Http\\Kernel.php(151): Illuminate\\Pipeline\\Pipeline->then(Object(Closure))
#35 D:\\oa\\vendor\\laravel\\framework\\src\\Illuminate\\Foundation\\Http\\Kernel.php(116): Illuminate\\Foundation\\Http\\Kernel->sendRequestThroughRouter(Object(Illuminate\\Http\\Request))
#36 D:\\oa\\public\\index.php(56): Illuminate\\Foundation\\Http\\Kernel->handle(Object(Illuminate\\Http\\Request))
#37 {main}
"} 
[2019-12-27 16:51:23] local.ERROR: Undefined index: data {"exception":"[object] (ErrorException(code: 0): Undefined index: data at D:\\oa\\app\\Http\\Controllers\\V1\\ErpController.php:123)
[stacktrace]
#0 D:\\oa\\app\\Http\\Controllers\\V1\\ErpController.php(123): Illuminate\\Foundation\\Bootstrap\\HandleExceptions->handleError(8, 'Undefined index...', 'D:\\\\oa\\\\app\\\\Http\\\\...', 123, Array)
#1 [internal function]: App\\Http\\Controllers\\V1\\ErpController->pullEorders(Object(Dingo\\Api\\Http\\Request))
#2 D:\\oa\\vendor\\laravel\\framework\\src\\Illuminate\\Routing\\Controller.php(54): call_user_func_array(Array, Array)
#3 D:\\oa\\vendor\\laravel\\framework\\src\\Illuminate\\Routing\\ControllerDispatcher.php(45): Illuminate\\Routing\\Controller->callAction('pullEorders', Array)
#4 D:\\oa\\vendor\\laravel\\framework\\src\\Illuminate\\Routing\\Route.php(219): Illuminate\\Routing\\ControllerDispatcher->dispatch(Object(Illuminate\\Routing\\Route), Object(App\\Http\\Controllers\\V1\\ErpController), 'pullEorders')
#5 D:\\oa\\vendor\\laravel\\framework\\src\\Illuminate\\Routing\\Route.php(176): Illuminate\\Routing\\Route->runController()
#6 D:\\oa\\vendor\\laravel\\framework\\src\\Illuminate\\Routing\\Router.php(680): Illuminate\\Routing\\Route->run()
#7 D:\\oa\\vendor\\laravel\\framework\\src\\Illuminate\\Pipeline\\Pipeline.php(130): Illuminate\\Routing\\Router->Illuminate\\Routing\\{closure}(Object(Dingo\\Api\\Http\\Request))
#8 D:\\oa\\vendor\\dingo\\api\\src\\Http\\Middleware\\PrepareController.php(45): Illuminate\\Pipeline\\Pipeline->Illuminate\\Pipeline\\{closure}(Object(Dingo\\Api\\Http\\Request))
#9 D:\\oa\\vendor\\laravel\\framework\\src\\Illuminate\\Pipeline\\Pipeline.php(171): Dingo\\Api\\Http\\Middleware\\PrepareController->handle(Object(Dingo\\Api\\Http\\Request), Object(Closure))
#10 D:\\oa\\vendor\\laravel\\framework\\src\\Illuminate\\Pipeline\\Pipeline.php(105): Illuminate\\Pipeline\\Pipeline->Illuminate\\Pipeline\\{closure}(Object(Dingo\\Api\\Http\\Request))
#11 D:\\oa\\vendor\\laravel\\framework\\src\\Illuminate\\Routing\\Router.php(682): Illuminate\\Pipeline\\Pipeline->then(Object(Closure))
#12 D:\\oa\\vendor\\laravel\\framework\\src\\Illuminate\\Routing\\Router.php(657): Illuminate\\Routing\\Router->runRouteWithinStack(Object(Illuminate\\Routing\\Route), Object(Dingo\\Api\\Http\\Request))
#13 D:\\oa\\vendor\\laravel\\framework\\src\\Illuminate\\Routing\\Router.php(623): Illuminate\\Routing\\Router->runRoute(Object(Dingo\\Api\\Http\\Request), Object(Illuminate\\Routing\\Route))
#14 D:\\oa\\vendor\\laravel\\framework\\src\\Illuminate\\Routing\\Router.php(612): Illuminate\\Routing\\Router->dispatchToRoute(Object(Dingo\\Api\\Http\\Request))
#15 D:\\oa\\vendor\\dingo\\api\\src\\Routing\\Adapter\\Laravel.php(88): Illuminate\\Routing\\Router->dispatch(Object(Dingo\\Api\\Http\\Request))
#16 D:\\oa\\vendor\\dingo\\api\\src\\Routing\\Router.php(514): Dingo\\Api\\Routing\\Adapter\\Laravel->dispatch(Object(Dingo\\Api\\Http\\Request), 'v1')
#17 D:\\oa\\vendor\\dingo\\api\\src\\Http\\Middleware\\Request.php(126): Dingo\\Api\\Routing\\Router->dispatch(Object(Dingo\\Api\\Http\\Request))
#18 D:\\oa\\vendor\\laravel\\framework\\src\\Illuminate\\Pipeline\\Pipeline.php(130): Dingo\\Api\\Http\\Middleware\\Request->Dingo\\Api\\Http\\Middleware\\{closure}(Object(Dingo\\Api\\Http\\Request))
#19 D:\\oa\\vendor\\laravel\\framework\\src\\Illuminate\\Foundation\\Http\\Middleware\\TransformsRequest.php(21): Illuminate\\Pipeline\\Pipeline->Illuminate\\Pipeline\\{closure}(Object(Dingo\\Api\\Http\\Request))
#20 D:\\oa\\vendor\\laravel\\framework\\src\\Illuminate\\Pipeline\\Pipeline.php(171): Illuminate\\Foundation\\Http\\Middleware\\TransformsRequest->handle(Object(Dingo\\Api\\Http\\Request), Object(Closure))
#21 D:\\oa\\vendor\\laravel\\framework\\src\\Illuminate\\Foundation\\Http\\Middleware\\TransformsRequest.php(21): Illuminate\\Pipeline\\Pipeline->Illuminate\\Pipeline\\{closure}(Object(Dingo\\Api\\Http\\Request))
#22 D:\\oa\\vendor\\laravel\\framework\\src\\Illuminate\\Pipeline\\Pipeline.php(171): Illuminate\\Foundation\\Http\\Middleware\\TransformsRequest->handle(Object(Dingo\\Api\\Http\\Request), Object(Closure))
#23 D:\\oa\\vendor\\laravel\\framework\\src\\Illuminate\\Foundation\\Http\\Middleware\\ValidatePostSize.php(27): Illuminate\\Pipeline\\Pipeline->Illuminate\\Pipeline\\{closure}(Object(Dingo\\Api\\Http\\Request))
#24 D:\\oa\\vendor\\laravel\\framework\\src\\Illuminate\\Pipeline\\Pipeline.php(171): Illuminate\\Foundation\\Http\\Middleware\\ValidatePostSize->handle(Object(Dingo\\Api\\Http\\Request), Object(Closure))
#25 D:\\oa\\vendor\\laravel\\framework\\src\\Illuminate\\Foundation\\Http\\Middleware\\CheckForMaintenanceMode.php(62): Illuminate\\Pipeline\\Pipeline->Illuminate\\Pipeline\\{closure}(Object(Dingo\\Api\\Http\\Request))
#26 D:\\oa\\vendor\\laravel\\framework\\src\\Illuminate\\Pipeline\\Pipeline.php(171): Illuminate\\Foundation\\Http\\Middleware\\CheckForMaintenanceMode->handle(Object(Dingo\\Api\\Http\\Request), Object(Closure))
#27 D:\\oa\\vendor\\fideloper\\proxy\\src\\TrustProxies.php(57): Illuminate\\Pipeline\\Pipeline->Illuminate\\Pipeline\\{closure}(Object(Dingo\\Api\\Http\\Request))
#28 D:\\oa\\vendor\\laravel\\framework\\src\\Illuminate\\Pipeline\\Pipeline.php(171): Fideloper\\Proxy\\TrustProxies->handle(Object(Dingo\\Api\\Http\\Request), Object(Closure))
#29 D:\\oa\\vendor\\laravel\\framework\\src\\Illuminate\\Pipeline\\Pipeline.php(105): Illuminate\\Pipeline\\Pipeline->Illuminate\\Pipeline\\{closure}(Object(Dingo\\Api\\Http\\Request))
#30 D:\\oa\\vendor\\dingo\\api\\src\\Http\\Middleware\\Request.php(127): Illuminate\\Pipeline\\Pipeline->then(Object(Closure))
#31 D:\\oa\\vendor\\dingo\\api\\src\\Http\\Middleware\\Request.php(103): Dingo\\Api\\Http\\Middleware\\Request->sendRequestThroughRouter(Object(Dingo\\Api\\Http\\Request))
#32 D:\\oa\\vendor\\laravel\\framework\\src\\Illuminate\\Pipeline\\Pipeline.php(171): Dingo\\Api\\Http\\Middleware\\Request->handle(Object(Dingo\\Api\\Http\\Request), Object(Closure))
#33 D:\\oa\\vendor\\laravel\\framework\\src\\Illuminate\\Pipeline\\Pipeline.php(105): Illuminate\\Pipeline\\Pipeline->Illuminate\\Pipeline\\{closure}(Object(Illuminate\\Http\\Request))
#34 D:\\oa\\vendor\\laravel\\framework\\src\\Illuminate\\Foundation\\Http\\Kernel.php(151): Illuminate\\Pipeline\\Pipeline->then(Object(Closure))
#35 D:\\oa\\vendor\\laravel\\framework\\src\\Illuminate\\Foundation\\Http\\Kernel.php(116): Illuminate\\Foundation\\Http\\Kernel->sendRequestThroughRouter(Object(Illuminate\\Http\\Request))
#36 D:\\oa\\public\\index.php(56): Illuminate\\Foundation\\Http\\Kernel->handle(Object(Illuminate\\Http\\Request))
#37 {main}
"} 
[2019-12-27 17:05:55] local.ERROR: Cannot use object of type stdClass as array {"exception":"[object] (Symfony\\Component\\Debug\\Exception\\FatalThrowableError(code: 0): Cannot use object of type stdClass as array at D:\\oa\\app\\Http\\Controllers\\V1\\ErpController.php:114)
[stacktrace]
#0 [internal function]: App\\Http\\Controllers\\V1\\ErpController->pullEorders(Object(Dingo\\Api\\Http\\Request))
#1 D:\\oa\\vendor\\laravel\\framework\\src\\Illuminate\\Routing\\Controller.php(54): call_user_func_array(Array, Array)
#2 D:\\oa\\vendor\\laravel\\framework\\src\\Illuminate\\Routing\\ControllerDispatcher.php(45): Illuminate\\Routing\\Controller->callAction('pullEorders', Array)
#3 D:\\oa\\vendor\\laravel\\framework\\src\\Illuminate\\Routing\\Route.php(219): Illuminate\\Routing\\ControllerDispatcher->dispatch(Object(Illuminate\\Routing\\Route), Object(App\\Http\\Controllers\\V1\\ErpController), 'pullEorders')
#4 D:\\oa\\vendor\\laravel\\framework\\src\\Illuminate\\Routing\\Route.php(176): Illuminate\\Routing\\Route->runController()
#5 D:\\oa\\vendor\\laravel\\framework\\src\\Illuminate\\Routing\\Router.php(680): Illuminate\\Routing\\Route->run()
#6 D:\\oa\\vendor\\laravel\\framework\\src\\Illuminate\\Pipeline\\Pipeline.php(130): Illuminate\\Routing\\Router->Illuminate\\Routing\\{closure}(Object(Dingo\\Api\\Http\\Request))
#7 D:\\oa\\vendor\\dingo\\api\\src\\Http\\Middleware\\PrepareController.php(45): Illuminate\\Pipeline\\Pipeline->Illuminate\\Pipeline\\{closure}(Object(Dingo\\Api\\Http\\Request))
#8 D:\\oa\\vendor\\laravel\\framework\\src\\Illuminate\\Pipeline\\Pipeline.php(171): Dingo\\Api\\Http\\Middleware\\PrepareController->handle(Object(Dingo\\Api\\Http\\Request), Object(Closure))
#9 D:\\oa\\vendor\\laravel\\framework\\src\\Illuminate\\Pipeline\\Pipeline.php(105): Illuminate\\Pipeline\\Pipeline->Illuminate\\Pipeline\\{closure}(Object(Dingo\\Api\\Http\\Request))
#10 D:\\oa\\vendor\\laravel\\framework\\src\\Illuminate\\Routing\\Router.php(682): Illuminate\\Pipeline\\Pipeline->then(Object(Closure))
#11 D:\\oa\\vendor\\laravel\\framework\\src\\Illuminate\\Routing\\Router.php(657): Illuminate\\Routing\\Router->runRouteWithinStack(Object(Illuminate\\Routing\\Route), Object(Dingo\\Api\\Http\\Request))
#12 D:\\oa\\vendor\\laravel\\framework\\src\\Illuminate\\Routing\\Router.php(623): Illuminate\\Routing\\Router->runRoute(Object(Dingo\\Api\\Http\\Request), Object(Illuminate\\Routing\\Route))
#13 D:\\oa\\vendor\\laravel\\framework\\src\\Illuminate\\Routing\\Router.php(612): Illuminate\\Routing\\Router->dispatchToRoute(Object(Dingo\\Api\\Http\\Request))
#14 D:\\oa\\vendor\\dingo\\api\\src\\Routing\\Adapter\\Laravel.php(88): Illuminate\\Routing\\Router->dispatch(Object(Dingo\\Api\\Http\\Request))
#15 D:\\oa\\vendor\\dingo\\api\\src\\Routing\\Router.php(514): Dingo\\Api\\Routing\\Adapter\\Laravel->dispatch(Object(Dingo\\Api\\Http\\Request), 'v1')
#16 D:\\oa\\vendor\\dingo\\api\\src\\Http\\Middleware\\Request.php(126): Dingo\\Api\\Routing\\Router->dispatch(Object(Dingo\\Api\\Http\\Request))
#17 D:\\oa\\vendor\\laravel\\framework\\src\\Illuminate\\Pipeline\\Pipeline.php(130): Dingo\\Api\\Http\\Middleware\\Request->Dingo\\Api\\Http\\Middleware\\{closure}(Object(Dingo\\Api\\Http\\Request))
#18 D:\\oa\\vendor\\laravel\\framework\\src\\Illuminate\\Foundation\\Http\\Middleware\\TransformsRequest.php(21): Illuminate\\Pipeline\\Pipeline->Illuminate\\Pipeline\\{closure}(Object(Dingo\\Api\\Http\\Request))
#19 D:\\oa\\vendor\\laravel\\framework\\src\\Illuminate\\Pipeline\\Pipeline.php(171): Illuminate\\Foundation\\Http\\Middleware\\TransformsRequest->handle(Object(Dingo\\Api\\Http\\Request), Object(Closure))
#20 D:\\oa\\vendor\\laravel\\framework\\src\\Illuminate\\Foundation\\Http\\Middleware\\TransformsRequest.php(21): Illuminate\\Pipeline\\Pipeline->Illuminate\\Pipeline\\{closure}(Object(Dingo\\Api\\Http\\Request))
#21 D:\\oa\\vendor\\laravel\\framework\\src\\Illuminate\\Pipeline\\Pipeline.php(171): Illuminate\\Foundation\\Http\\Middleware\\TransformsRequest->handle(Object(Dingo\\Api\\Http\\Request), Object(Closure))
#22 D:\\oa\\vendor\\laravel\\framework\\src\\Illuminate\\Foundation\\Http\\Middleware\\ValidatePostSize.php(27): Illuminate\\Pipeline\\Pipeline->Illuminate\\Pipeline\\{closure}(Object(Dingo\\Api\\Http\\Request))
#23 D:\\oa\\vendor\\laravel\\framework\\src\\Illuminate\\Pipeline\\Pipeline.php(171): Illuminate\\Foundation\\Http\\Middleware\\ValidatePostSize->handle(Object(Dingo\\Api\\Http\\Request), Object(Closure))
#24 D:\\oa\\vendor\\laravel\\framework\\src\\Illuminate\\Foundation\\Http\\Middleware\\CheckForMaintenanceMode.php(62): Illuminate\\Pipeline\\Pipeline->Illuminate\\Pipeline\\{closure}(Object(Dingo\\Api\\Http\\Request))
#25 D:\\oa\\vendor\\laravel\\framework\\src\\Illuminate\\Pipeline\\Pipeline.php(171): Illuminate\\Foundation\\Http\\Middleware\\CheckForMaintenanceMode->handle(Object(Dingo\\Api\\Http\\Request), Object(Closure))
#26 D:\\oa\\vendor\\fideloper\\proxy\\src\\TrustProxies.php(57): Illuminate\\Pipeline\\Pipeline->Illuminate\\Pipeline\\{closure}(Object(Dingo\\Api\\Http\\Request))
#27 D:\\oa\\vendor\\laravel\\framework\\src\\Illuminate\\Pipeline\\Pipeline.php(171): Fideloper\\Proxy\\TrustProxies->handle(Object(Dingo\\Api\\Http\\Request), Object(Closure))
#28 D:\\oa\\vendor\\laravel\\framework\\src\\Illuminate\\Pipeline\\Pipeline.php(105): Illuminate\\Pipeline\\Pipeline->Illuminate\\Pipeline\\{closure}(Object(Dingo\\Api\\Http\\Request))
#29 D:\\oa\\vendor\\dingo\\api\\src\\Http\\Middleware\\Request.php(127): Illuminate\\Pipeline\\Pipeline->then(Object(Closure))
#30 D:\\oa\\vendor\\dingo\\api\\src\\Http\\Middleware\\Request.php(103): Dingo\\Api\\Http\\Middleware\\Request->sendRequestThroughRouter(Object(Dingo\\Api\\Http\\Request))
#31 D:\\oa\\vendor\\laravel\\framework\\src\\Illuminate\\Pipeline\\Pipeline.php(171): Dingo\\Api\\Http\\Middleware\\Request->handle(Object(Dingo\\Api\\Http\\Request), Object(Closure))
#32 D:\\oa\\vendor\\laravel\\framework\\src\\Illuminate\\Pipeline\\Pipeline.php(105): Illuminate\\Pipeline\\Pipeline->Illuminate\\Pipeline\\{closure}(Object(Illuminate\\Http\\Request))
#33 D:\\oa\\vendor\\laravel\\framework\\src\\Illuminate\\Foundation\\Http\\Kernel.php(151): Illuminate\\Pipeline\\Pipeline->then(Object(Closure))
#34 D:\\oa\\vendor\\laravel\\framework\\src\\Illuminate\\Foundation\\Http\\Kernel.php(116): Illuminate\\Foundation\\Http\\Kernel->sendRequestThroughRouter(Object(Illuminate\\Http\\Request))
#35 D:\\oa\\public\\index.php(56): Illuminate\\Foundation\\Http\\Kernel->handle(Object(Illuminate\\Http\\Request))
#36 {main}
"} 
